CRITICAL - 2023-09-28 14:28:13 --> Class "Locale" not found
in SYSTEMPATH\CodeIgniter.php on line 194.
 1 ROOTPATH\spark(83): CodeIgniter\CodeIgniter->initialize()
CRITICAL - 2023-09-28 09:17:12 --> Undefined variable $role_id
in APPPATH\Controllers\Register.php on line 73.
 1 APPPATH\Controllers\Register.php(73): CodeIgniter\Debug\Exceptions->errorHandler(2, 'Undefined variable $role_id', 'C:\\xampp\\htdocs\\APIclubhouse\\app\\Controllers\\Register.php', 73)
 2 SYSTEMPATH\CodeIgniter.php(934): App\Controllers\Register->index()
 3 SYSTEMPATH\CodeIgniter.php(499): CodeIgniter\CodeIgniter->runController(Object(App\Controllers\Register))
 4 SYSTEMPATH\CodeIgniter.php(368): CodeIgniter\CodeIgniter->handleRequest(null, Object(Config\Cache), false)
 5 FCPATH\index.php(67): CodeIgniter\CodeIgniter->run()
 6 SYSTEMPATH\Commands\Server\rewrite.php(47): require_once('C:\\xampp\\htdocs\\APIclubhouse\\public\\index.php')
CRITICAL - 2023-09-28 09:19:51 --> Undefined array key "id_users"
in APPPATH\Controllers\Login.php on line 68.
 1 APPPATH\Controllers\Login.php(68): CodeIgniter\Debug\Exceptions->errorHandler(2, 'Undefined array key "id_users"', 'C:\\xampp\\htdocs\\APIclubhouse\\app\\Controllers\\Login.php', 68)
 2 SYSTEMPATH\CodeIgniter.php(934): App\Controllers\Login->index()
 3 SYSTEMPATH\CodeIgniter.php(499): CodeIgniter\CodeIgniter->runController(Object(App\Controllers\Login))
 4 SYSTEMPATH\CodeIgniter.php(368): CodeIgniter\CodeIgniter->handleRequest(null, Object(Config\Cache), false)
 5 FCPATH\index.php(67): CodeIgniter\CodeIgniter->run()
 6 SYSTEMPATH\Commands\Server\rewrite.php(47): require_once('C:\\xampp\\htdocs\\APIclubhouse\\public\\index.php')
ERROR - 2023-09-28 10:51:57 --> mysqli_sql_exception: Table 'db_she.roles' doesn't exist in C:\xampp\htdocs\APIclubhouse\vendor\codeigniter4\framework\system\Database\MySQLi\Connection.php:295
Stack trace:
#0 C:\xampp\htdocs\APIclubhouse\vendor\codeigniter4\framework\system\Database\MySQLi\Connection.php(295): mysqli->query('SELECT *\nFROM `...', 0)
#1 C:\xampp\htdocs\APIclubhouse\vendor\codeigniter4\framework\system\Database\BaseConnection.php(692): CodeIgniter\Database\MySQLi\Connection->execute('SELECT *\nFROM `...')
#2 C:\xampp\htdocs\APIclubhouse\vendor\codeigniter4\framework\system\Database\BaseConnection.php(606): CodeIgniter\Database\BaseConnection->simpleQuery('SELECT *\nFROM `...')
#3 C:\xampp\htdocs\APIclubhouse\vendor\codeigniter4\framework\system\Database\BaseBuilder.php(1616): CodeIgniter\Database\BaseConnection->query('SELECT *\nFROM `...', Array, false)
#4 C:\xampp\htdocs\APIclubhouse\vendor\codeigniter4\framework\system\Model.php(241): CodeIgniter\Database\BaseBuilder->get()
#5 C:\xampp\htdocs\APIclubhouse\vendor\codeigniter4\framework\system\BaseModel.php(618): CodeIgniter\Model->doFindAll(0, 0)
#6 C:\xampp\htdocs\APIclubhouse\app\Controllers\Location.php(25): CodeIgniter\BaseModel->findAll()
#7 C:\xampp\htdocs\APIclubhouse\vendor\codeigniter4\framework\system\CodeIgniter.php(934): App\Controllers\Location->index()
#8 C:\xampp\htdocs\APIclubhouse\vendor\codeigniter4\framework\system\CodeIgniter.php(499): CodeIgniter\CodeIgniter->runController(Object(App\Controllers\Location))
#9 C:\xampp\htdocs\APIclubhouse\vendor\codeigniter4\framework\system\CodeIgniter.php(368): CodeIgniter\CodeIgniter->handleRequest(NULL, Object(Config\Cache), false)
#10 C:\xampp\htdocs\APIclubhouse\public\index.php(67): CodeIgniter\CodeIgniter->run()
#11 C:\xampp\htdocs\APIclubhouse\vendor\codeigniter4\framework\system\Commands\Server\rewrite.php(47): require_once('C:\\xampp\\htdocs...')
#12 {main}
CRITICAL - 2023-09-28 10:51:57 --> Table 'db_she.roles' doesn't exist
in SYSTEMPATH\Database\MySQLi\Connection.php on line 295.
 1 SYSTEMPATH\Database\MySQLi\Connection.php(295): mysqli->query('SELECT *
FROM `roles`
ORDER BY `id_haulings` ASC', 0)
 2 SYSTEMPATH\Database\BaseConnection.php(692): CodeIgniter\Database\MySQLi\Connection->execute('SELECT *
FROM `roles`
ORDER BY `id_haulings` ASC')
 3 SYSTEMPATH\Database\BaseConnection.php(606): CodeIgniter\Database\BaseConnection->simpleQuery('SELECT *
FROM `roles`
ORDER BY `id_haulings` ASC')
 4 SYSTEMPATH\Database\BaseBuilder.php(1616): CodeIgniter\Database\BaseConnection->query('SELECT *
FROM `roles`
ORDER BY `id_haulings` ASC', [], false)
 5 SYSTEMPATH\Model.php(241): CodeIgniter\Database\BaseBuilder->get()
 6 SYSTEMPATH\BaseModel.php(618): CodeIgniter\Model->doFindAll(0, 0)
 7 APPPATH\Controllers\Location.php(25): CodeIgniter\BaseModel->findAll()
 8 SYSTEMPATH\CodeIgniter.php(934): App\Controllers\Location->index()
 9 SYSTEMPATH\CodeIgniter.php(499): CodeIgniter\CodeIgniter->runController(Object(App\Controllers\Location))
10 SYSTEMPATH\CodeIgniter.php(368): CodeIgniter\CodeIgniter->handleRequest(null, Object(Config\Cache), false)
11 FCPATH\index.php(67): CodeIgniter\CodeIgniter->run()
12 SYSTEMPATH\Commands\Server\rewrite.php(47): require_once('C:\\xampp\\htdocs\\APIclubhouse\\public\\index.php')
ERROR - 2023-09-28 11:07:30 --> mysqli_sql_exception: Unknown column 'kode_bahaya_22' in 'field list' in C:\xampp\htdocs\APIclubhouse\vendor\codeigniter4\framework\system\Database\MySQLi\Connection.php:295
Stack trace:
#0 C:\xampp\htdocs\APIclubhouse\vendor\codeigniter4\framework\system\Database\MySQLi\Connection.php(295): mysqli->query('INSERT INTO `ha...', 0)
#1 C:\xampp\htdocs\APIclubhouse\vendor\codeigniter4\framework\system\Database\BaseConnection.php(692): CodeIgniter\Database\MySQLi\Connection->execute('INSERT INTO `ha...')
#2 C:\xampp\htdocs\APIclubhouse\vendor\codeigniter4\framework\system\Database\BaseConnection.php(606): CodeIgniter\Database\BaseConnection->simpleQuery('INSERT INTO `ha...')
#3 C:\xampp\htdocs\APIclubhouse\vendor\codeigniter4\framework\system\Database\BaseBuilder.php(2309): CodeIgniter\Database\BaseConnection->query('INSERT INTO `ha...', Array, false)
#4 C:\xampp\htdocs\APIclubhouse\app\Controllers\Location.php(242): CodeIgniter\Database\BaseBuilder->insert(Array)
#5 C:\xampp\htdocs\APIclubhouse\vendor\codeigniter4\framework\system\CodeIgniter.php(934): App\Controllers\Location->create()
#6 C:\xampp\htdocs\APIclubhouse\vendor\codeigniter4\framework\system\CodeIgniter.php(499): CodeIgniter\CodeIgniter->runController(Object(App\Controllers\Location))
#7 C:\xampp\htdocs\APIclubhouse\vendor\codeigniter4\framework\system\CodeIgniter.php(368): CodeIgniter\CodeIgniter->handleRequest(NULL, Object(Config\Cache), false)
#8 C:\xampp\htdocs\APIclubhouse\public\index.php(67): CodeIgniter\CodeIgniter->run()
#9 C:\xampp\htdocs\APIclubhouse\vendor\codeigniter4\framework\system\Commands\Server\rewrite.php(47): require_once('C:\\xampp\\htdocs...')
#10 {main}
CRITICAL - 2023-09-28 19:48:11 --> unlink(C:\xampp\htdocs\APIclubhouse\public): Resource temporarily unavailable
in APPPATH\Controllers\Location.php on line 305.
 1 [internal function]: CodeIgniter\Debug\Exceptions->errorHandler(2, 'unlink(C:\\xampp\\htdocs\\APIclubhouse\\public): Resource temporarily unavailable', 'C:\\xampp\\htdocs\\APIclubhouse\\app\\Controllers\\Location.php', 305)
 2 APPPATH\Controllers\Location.php(305): unlink('C:\\xampp\\htdocs\\APIclubhouse\\public')
 3 SYSTEMPATH\CodeIgniter.php(934): App\Controllers\Location->delete('1')
 4 SYSTEMPATH\CodeIgniter.php(499): CodeIgniter\CodeIgniter->runController(Object(App\Controllers\Location))
 5 SYSTEMPATH\CodeIgniter.php(368): CodeIgniter\CodeIgniter->handleRequest(null, Object(Config\Cache), false)
 6 FCPATH\index.php(67): CodeIgniter\CodeIgniter->run()
 7 SYSTEMPATH\Commands\Server\rewrite.php(47): require_once('C:\\xampp\\htdocs\\APIclubhouse\\public\\index.php')
CRITICAL - 2023-09-28 19:48:16 --> unlink(C:\xampp\htdocs\APIclubhouse\public/loadings/1695946919.jpg): No such file or directory
in APPPATH\Controllers\Location.php on line 306.
 1 [internal function]: CodeIgniter\Debug\Exceptions->errorHandler(2, 'unlink(C:\\xampp\\htdocs\\APIclubhouse\\public/loadings/1695946919.jpg): No such file or directory', 'C:\\xampp\\htdocs\\APIclubhouse\\app\\Controllers\\Location.php', 306)
 2 APPPATH\Controllers\Location.php(306): unlink('C:\\xampp\\htdocs\\APIclubhouse\\public/loadings/1695946919.jpg')
 3 SYSTEMPATH\CodeIgniter.php(934): App\Controllers\Location->delete('4')
 4 SYSTEMPATH\CodeIgniter.php(499): CodeIgniter\CodeIgniter->runController(Object(App\Controllers\Location))
 5 SYSTEMPATH\CodeIgniter.php(368): CodeIgniter\CodeIgniter->handleRequest(null, Object(Config\Cache), false)
 6 FCPATH\index.php(67): CodeIgniter\CodeIgniter->run()
 7 SYSTEMPATH\Commands\Server\rewrite.php(47): require_once('C:\\xampp\\htdocs\\APIclubhouse\\public\\index.php')
CRITICAL - 2023-09-28 19:49:12 --> unlink(C:\xampp\htdocs\APIclubhouse\public/loadings/1695946919.jpg): No such file or directory
in APPPATH\Controllers\Location.php on line 305.
 1 [internal function]: CodeIgniter\Debug\Exceptions->errorHandler(2, 'unlink(C:\\xampp\\htdocs\\APIclubhouse\\public/loadings/1695946919.jpg): No such file or directory', 'C:\\xampp\\htdocs\\APIclubhouse\\app\\Controllers\\Location.php', 305)
 2 APPPATH\Controllers\Location.php(305): unlink('C:\\xampp\\htdocs\\APIclubhouse\\public/loadings/1695946919.jpg')
 3 SYSTEMPATH\CodeIgniter.php(934): App\Controllers\Location->delete('4')
 4 SYSTEMPATH\CodeIgniter.php(499): CodeIgniter\CodeIgniter->runController(Object(App\Controllers\Location))
 5 SYSTEMPATH\CodeIgniter.php(368): CodeIgniter\CodeIgniter->handleRequest(null, Object(Config\Cache), false)
 6 FCPATH\index.php(67): CodeIgniter\CodeIgniter->run()
 7 SYSTEMPATH\Commands\Server\rewrite.php(47): require_once('C:\\xampp\\htdocs\\APIclubhouse\\public\\index.php')
CRITICAL - 2023-09-28 19:49:15 --> unlink(C:\xampp\htdocs\APIclubhouse\public/loadings/1695947565.jpg): No such file or directory
in APPPATH\Controllers\Location.php on line 306.
 1 [internal function]: CodeIgniter\Debug\Exceptions->errorHandler(2, 'unlink(C:\\xampp\\htdocs\\APIclubhouse\\public/loadings/1695947565.jpg): No such file or directory', 'C:\\xampp\\htdocs\\APIclubhouse\\app\\Controllers\\Location.php', 306)
 2 APPPATH\Controllers\Location.php(306): unlink('C:\\xampp\\htdocs\\APIclubhouse\\public/loadings/1695947565.jpg')
 3 SYSTEMPATH\CodeIgniter.php(934): App\Controllers\Location->delete('5')
 4 SYSTEMPATH\CodeIgniter.php(499): CodeIgniter\CodeIgniter->runController(Object(App\Controllers\Location))
 5 SYSTEMPATH\CodeIgniter.php(368): CodeIgniter\CodeIgniter->handleRequest(null, Object(Config\Cache), false)
 6 FCPATH\index.php(67): CodeIgniter\CodeIgniter->run()
 7 SYSTEMPATH\Commands\Server\rewrite.php(47): require_once('C:\\xampp\\htdocs\\APIclubhouse\\public\\index.php')
CRITICAL - 2023-09-28 19:49:24 --> unlink(C:\xampp\htdocs\APIclubhouse\public): Resource temporarily unavailable
in APPPATH\Controllers\Location.php on line 305.
 1 [internal function]: CodeIgniter\Debug\Exceptions->errorHandler(2, 'unlink(C:\\xampp\\htdocs\\APIclubhouse\\public): Resource temporarily unavailable', 'C:\\xampp\\htdocs\\APIclubhouse\\app\\Controllers\\Location.php', 305)
 2 APPPATH\Controllers\Location.php(305): unlink('C:\\xampp\\htdocs\\APIclubhouse\\public')
 3 SYSTEMPATH\CodeIgniter.php(934): App\Controllers\Location->delete('9')
 4 SYSTEMPATH\CodeIgniter.php(499): CodeIgniter\CodeIgniter->runController(Object(App\Controllers\Location))
 5 SYSTEMPATH\CodeIgniter.php(368): CodeIgniter\CodeIgniter->handleRequest(null, Object(Config\Cache), false)
 6 FCPATH\index.php(67): CodeIgniter\CodeIgniter->run()
 7 SYSTEMPATH\Commands\Server\rewrite.php(47): require_once('C:\\xampp\\htdocs\\APIclubhouse\\public\\index.php')
CRITICAL - 2023-09-28 19:49:27 --> unlink(C:\xampp\htdocs\APIclubhouse\public/loadings/1695947565.jpg): No such file or directory
in APPPATH\Controllers\Location.php on line 305.
 1 [internal function]: CodeIgniter\Debug\Exceptions->errorHandler(2, 'unlink(C:\\xampp\\htdocs\\APIclubhouse\\public/loadings/1695947565.jpg): No such file or directory', 'C:\\xampp\\htdocs\\APIclubhouse\\app\\Controllers\\Location.php', 305)
 2 APPPATH\Controllers\Location.php(305): unlink('C:\\xampp\\htdocs\\APIclubhouse\\public/loadings/1695947565.jpg')
 3 SYSTEMPATH\CodeIgniter.php(934): App\Controllers\Location->delete('5')
 4 SYSTEMPATH\CodeIgniter.php(499): CodeIgniter\CodeIgniter->runController(Object(App\Controllers\Location))
 5 SYSTEMPATH\CodeIgniter.php(368): CodeIgniter\CodeIgniter->handleRequest(null, Object(Config\Cache), false)
 6 FCPATH\index.php(67): CodeIgniter\CodeIgniter->run()
 7 SYSTEMPATH\Commands\Server\rewrite.php(47): require_once('C:\\xampp\\htdocs\\APIclubhouse\\public\\index.php')
CRITICAL - 2023-09-28 19:54:21 --> unlink(C:\xampp\htdocs\APIclubhouse\public): Resource temporarily unavailable
in APPPATH\Controllers\Loading.php on line 290.
 1 [internal function]: CodeIgniter\Debug\Exceptions->errorHandler(2, 'unlink(C:\\xampp\\htdocs\\APIclubhouse\\public): Resource temporarily unavailable', 'C:\\xampp\\htdocs\\APIclubhouse\\app\\Controllers\\Loading.php', 290)
 2 APPPATH\Controllers\Loading.php(290): unlink('C:\\xampp\\htdocs\\APIclubhouse\\public')
 3 SYSTEMPATH\CodeIgniter.php(934): App\Controllers\Loading->delete('10')
 4 SYSTEMPATH\CodeIgniter.php(499): CodeIgniter\CodeIgniter->runController(Object(App\Controllers\Loading))
 5 SYSTEMPATH\CodeIgniter.php(368): CodeIgniter\CodeIgniter->handleRequest(null, Object(Config\Cache), false)
 6 FCPATH\index.php(67): CodeIgniter\CodeIgniter->run()
 7 SYSTEMPATH\Commands\Server\rewrite.php(47): require_once('C:\\xampp\\htdocs\\APIclubhouse\\public\\index.php')
CRITICAL - 2023-09-28 19:54:25 --> unlink(C:\xampp\htdocs\APIclubhouse\public/loadings/1695948779.jpg): No such file or directory
in APPPATH\Controllers\Loading.php on line 291.
 1 [internal function]: CodeIgniter\Debug\Exceptions->errorHandler(2, 'unlink(C:\\xampp\\htdocs\\APIclubhouse\\public/loadings/1695948779.jpg): No such file or directory', 'C:\\xampp\\htdocs\\APIclubhouse\\app\\Controllers\\Loading.php', 291)
 2 APPPATH\Controllers\Loading.php(291): unlink('C:\\xampp\\htdocs\\APIclubhouse\\public/loadings/1695948779.jpg')
 3 SYSTEMPATH\CodeIgniter.php(934): App\Controllers\Loading->delete('9')
 4 SYSTEMPATH\CodeIgniter.php(499): CodeIgniter\CodeIgniter->runController(Object(App\Controllers\Loading))
 5 SYSTEMPATH\CodeIgniter.php(368): CodeIgniter\CodeIgniter->handleRequest(null, Object(Config\Cache), false)
 6 FCPATH\index.php(67): CodeIgniter\CodeIgniter->run()
 7 SYSTEMPATH\Commands\Server\rewrite.php(47): require_once('C:\\xampp\\htdocs\\APIclubhouse\\public\\index.php')
CRITICAL - 2023-09-28 19:54:43 --> unlink(C:\xampp\htdocs\APIclubhouse\public/loadings/1695948779.jpg): No such file or directory
in APPPATH\Controllers\Loading.php on line 290.
 1 [internal function]: CodeIgniter\Debug\Exceptions->errorHandler(2, 'unlink(C:\\xampp\\htdocs\\APIclubhouse\\public/loadings/1695948779.jpg): No such file or directory', 'C:\\xampp\\htdocs\\APIclubhouse\\app\\Controllers\\Loading.php', 290)
 2 APPPATH\Controllers\Loading.php(290): unlink('C:\\xampp\\htdocs\\APIclubhouse\\public/loadings/1695948779.jpg')
 3 SYSTEMPATH\CodeIgniter.php(934): App\Controllers\Loading->delete('9')
 4 SYSTEMPATH\CodeIgniter.php(499): CodeIgniter\CodeIgniter->runController(Object(App\Controllers\Loading))
 5 SYSTEMPATH\CodeIgniter.php(368): CodeIgniter\CodeIgniter->handleRequest(null, Object(Config\Cache), false)
 6 FCPATH\index.php(67): CodeIgniter\CodeIgniter->run()
 7 SYSTEMPATH\Commands\Server\rewrite.php(47): require_once('C:\\xampp\\htdocs\\APIclubhouse\\public\\index.php')
ERROR - 2023-09-28 20:45:11 --> mysqli_sql_exception: Unknown column 'kondisi_27' in 'field list' in C:\xampp\htdocs\APIclubhouse\vendor\codeigniter4\framework\system\Database\MySQLi\Connection.php:295
Stack trace:
#0 C:\xampp\htdocs\APIclubhouse\vendor\codeigniter4\framework\system\Database\MySQLi\Connection.php(295): mysqli->query('INSERT INTO `ha...', 0)
#1 C:\xampp\htdocs\APIclubhouse\vendor\codeigniter4\framework\system\Database\BaseConnection.php(692): CodeIgniter\Database\MySQLi\Connection->execute('INSERT INTO `ha...')
#2 C:\xampp\htdocs\APIclubhouse\vendor\codeigniter4\framework\system\Database\BaseConnection.php(606): CodeIgniter\Database\BaseConnection->simpleQuery('INSERT INTO `ha...')
#3 C:\xampp\htdocs\APIclubhouse\vendor\codeigniter4\framework\system\Database\BaseBuilder.php(2309): CodeIgniter\Database\BaseConnection->query('INSERT INTO `ha...', Array, false)
#4 C:\xampp\htdocs\APIclubhouse\app\Controllers\Hauling.php(216): CodeIgniter\Database\BaseBuilder->insert(Array)
#5 C:\xampp\htdocs\APIclubhouse\vendor\codeigniter4\framework\system\CodeIgniter.php(934): App\Controllers\Hauling->create()
#6 C:\xampp\htdocs\APIclubhouse\vendor\codeigniter4\framework\system\CodeIgniter.php(499): CodeIgniter\CodeIgniter->runController(Object(App\Controllers\Hauling))
#7 C:\xampp\htdocs\APIclubhouse\vendor\codeigniter4\framework\system\CodeIgniter.php(368): CodeIgniter\CodeIgniter->handleRequest(NULL, Object(Config\Cache), false)
#8 C:\xampp\htdocs\APIclubhouse\public\index.php(67): CodeIgniter\CodeIgniter->run()
#9 C:\xampp\htdocs\APIclubhouse\vendor\codeigniter4\framework\system\Commands\Server\rewrite.php(47): require_once('C:\\xampp\\htdocs...')
#10 {main}
ERROR - 2023-09-28 20:52:38 --> mysqli_sql_exception: Unknown column 'keterangan_1' in 'field list' in C:\xampp\htdocs\APIclubhouse\vendor\codeigniter4\framework\system\Database\MySQLi\Connection.php:295
Stack trace:
#0 C:\xampp\htdocs\APIclubhouse\vendor\codeigniter4\framework\system\Database\MySQLi\Connection.php(295): mysqli->query('INSERT INTO `ha...', 0)
#1 C:\xampp\htdocs\APIclubhouse\vendor\codeigniter4\framework\system\Database\BaseConnection.php(692): CodeIgniter\Database\MySQLi\Connection->execute('INSERT INTO `ha...')
#2 C:\xampp\htdocs\APIclubhouse\vendor\codeigniter4\framework\system\Database\BaseConnection.php(606): CodeIgniter\Database\BaseConnection->simpleQuery('INSERT INTO `ha...')
#3 C:\xampp\htdocs\APIclubhouse\vendor\codeigniter4\framework\system\Database\BaseBuilder.php(2309): CodeIgniter\Database\BaseConnection->query('INSERT INTO `ha...', Array, false)
#4 C:\xampp\htdocs\APIclubhouse\app\Controllers\Hauling.php(216): CodeIgniter\Database\BaseBuilder->insert(Array)
#5 C:\xampp\htdocs\APIclubhouse\vendor\codeigniter4\framework\system\CodeIgniter.php(934): App\Controllers\Hauling->create()
#6 C:\xampp\htdocs\APIclubhouse\vendor\codeigniter4\framework\system\CodeIgniter.php(499): CodeIgniter\CodeIgniter->runController(Object(App\Controllers\Hauling))
#7 C:\xampp\htdocs\APIclubhouse\vendor\codeigniter4\framework\system\CodeIgniter.php(368): CodeIgniter\CodeIgniter->handleRequest(NULL, Object(Config\Cache), false)
#8 C:\xampp\htdocs\APIclubhouse\public\index.php(67): CodeIgniter\CodeIgniter->run()
#9 C:\xampp\htdocs\APIclubhouse\vendor\codeigniter4\framework\system\Commands\Server\rewrite.php(47): require_once('C:\\xampp\\htdocs...')
#10 {main}
ERROR - 2023-09-28 20:52:59 --> mysqli_sql_exception: Unknown column 'tindakan_1' in 'field list' in C:\xampp\htdocs\APIclubhouse\vendor\codeigniter4\framework\system\Database\MySQLi\Connection.php:295
Stack trace:
#0 C:\xampp\htdocs\APIclubhouse\vendor\codeigniter4\framework\system\Database\MySQLi\Connection.php(295): mysqli->query('INSERT INTO `ha...', 0)
#1 C:\xampp\htdocs\APIclubhouse\vendor\codeigniter4\framework\system\Database\BaseConnection.php(692): CodeIgniter\Database\MySQLi\Connection->execute('INSERT INTO `ha...')
#2 C:\xampp\htdocs\APIclubhouse\vendor\codeigniter4\framework\system\Database\BaseConnection.php(606): CodeIgniter\Database\BaseConnection->simpleQuery('INSERT INTO `ha...')
#3 C:\xampp\htdocs\APIclubhouse\vendor\codeigniter4\framework\system\Database\BaseBuilder.php(2309): CodeIgniter\Database\BaseConnection->query('INSERT INTO `ha...', Array, false)
#4 C:\xampp\htdocs\APIclubhouse\app\Controllers\Hauling.php(177): CodeIgniter\Database\BaseBuilder->insert(Array)
#5 C:\xampp\htdocs\APIclubhouse\vendor\codeigniter4\framework\system\CodeIgniter.php(934): App\Controllers\Hauling->create()
#6 C:\xampp\htdocs\APIclubhouse\vendor\codeigniter4\framework\system\CodeIgniter.php(499): CodeIgniter\CodeIgniter->runController(Object(App\Controllers\Hauling))
#7 C:\xampp\htdocs\APIclubhouse\vendor\codeigniter4\framework\system\CodeIgniter.php(368): CodeIgniter\CodeIgniter->handleRequest(NULL, Object(Config\Cache), false)
#8 C:\xampp\htdocs\APIclubhouse\public\index.php(67): CodeIgniter\CodeIgniter->run()
#9 C:\xampp\htdocs\APIclubhouse\vendor\codeigniter4\framework\system\Commands\Server\rewrite.php(47): require_once('C:\\xampp\\htdocs...')
#10 {main}
CRITICAL - 2023-09-28 21:11:10 --> Call to undefined method App\Models\UserModel::tampildata
in SYSTEMPATH\Model.php on line 842.
 1 APPPATH\Controllers\Auth.php(24): CodeIgniter\Model->__call('tampildata', [])
 2 SYSTEMPATH\CodeIgniter.php(934): App\Controllers\Auth->index()
 3 SYSTEMPATH\CodeIgniter.php(499): CodeIgniter\CodeIgniter->runController(Object(App\Controllers\Auth))
 4 SYSTEMPATH\CodeIgniter.php(368): CodeIgniter\CodeIgniter->handleRequest(null, Object(Config\Cache), false)
 5 FCPATH\index.php(67): CodeIgniter\CodeIgniter->run()
 6 SYSTEMPATH\Commands\Server\rewrite.php(47): require_once('C:\\xampp\\htdocs\\APIclubhouse\\public\\index.php')
ERROR - 2023-09-28 21:12:48 --> mysqli_sql_exception: Table 'db_she.roles' doesn't exist in C:\xampp\htdocs\APIclubhouse\vendor\codeigniter4\framework\system\Database\MySQLi\Connection.php:295
Stack trace:
#0 C:\xampp\htdocs\APIclubhouse\vendor\codeigniter4\framework\system\Database\MySQLi\Connection.php(295): mysqli->query('SELECT `users`....', 0)
#1 C:\xampp\htdocs\APIclubhouse\vendor\codeigniter4\framework\system\Database\BaseConnection.php(692): CodeIgniter\Database\MySQLi\Connection->execute('SELECT `users`....')
#2 C:\xampp\htdocs\APIclubhouse\vendor\codeigniter4\framework\system\Database\BaseConnection.php(606): CodeIgniter\Database\BaseConnection->simpleQuery('SELECT `users`....')
#3 C:\xampp\htdocs\APIclubhouse\vendor\codeigniter4\framework\system\Database\BaseBuilder.php(1616): CodeIgniter\Database\BaseConnection->query('SELECT `users`....', Array, false)
#4 C:\xampp\htdocs\APIclubhouse\app\Models\UserModel.php(68): CodeIgniter\Database\BaseBuilder->get()
#5 C:\xampp\htdocs\APIclubhouse\app\Controllers\Auth.php(24): App\Models\UserModel->tampildata()
#6 C:\xampp\htdocs\APIclubhouse\vendor\codeigniter4\framework\system\CodeIgniter.php(934): App\Controllers\Auth->index()
#7 C:\xampp\htdocs\APIclubhouse\vendor\codeigniter4\framework\system\CodeIgniter.php(499): CodeIgniter\CodeIgniter->runController(Object(App\Controllers\Auth))
#8 C:\xampp\htdocs\APIclubhouse\vendor\codeigniter4\framework\system\CodeIgniter.php(368): CodeIgniter\CodeIgniter->handleRequest(NULL, Object(Config\Cache), false)
#9 C:\xampp\htdocs\APIclubhouse\public\index.php(67): CodeIgniter\CodeIgniter->run()
#10 C:\xampp\htdocs\APIclubhouse\vendor\codeigniter4\framework\system\Commands\Server\rewrite.php(47): require_once('C:\\xampp\\htdocs...')
#11 {main}
CRITICAL - 2023-09-28 21:12:48 --> Table 'db_she.roles' doesn't exist
in SYSTEMPATH\Database\MySQLi\Connection.php on line 295.
 1 SYSTEMPATH\Database\MySQLi\Connection.php(295): mysqli->query('SELECT `users`.`id_users`, `email`, `users`.`nama`, `nopeg`, `users`.`path_gambar`, `roles`.`nama` as `jenis`
FROM `users`
JOIN `roles` ON `roles`.`id_roles`=`users`.`role_id`
WHERE `roles`.`nama` = \'user\'', 0)
 2 SYSTEMPATH\Database\BaseConnection.php(692): CodeIgniter\Database\MySQLi\Connection->execute('SELECT `users`.`id_users`, `email`, `users`.`nama`, `nopeg`, `users`.`path_gambar`, `roles`.`nama` as `jenis`
FROM `users`
JOIN `roles` ON `roles`.`id_roles`=`users`.`role_id`
WHERE `roles`.`nama` = \'user\'')
 3 SYSTEMPATH\Database\BaseConnection.php(606): CodeIgniter\Database\BaseConnection->simpleQuery('SELECT `users`.`id_users`, `email`, `users`.`nama`, `nopeg`, `users`.`path_gambar`, `roles`.`nama` as `jenis`
FROM `users`
JOIN `roles` ON `roles`.`id_roles`=`users`.`role_id`
WHERE `roles`.`nama` = \'user\'')
 4 SYSTEMPATH\Database\BaseBuilder.php(1616): CodeIgniter\Database\BaseConnection->query('SELECT `users`.`id_users`, `email`, `users`.`nama`, `nopeg`, `users`.`path_gambar`, `roles`.`nama` as `jenis`
FROM `users`
JOIN `roles` ON `roles`.`id_roles`=`users`.`role_id`
WHERE `roles`.`nama` = :roles.nama:', [...], false)
 5 APPPATH\Models\UserModel.php(68): CodeIgniter\Database\BaseBuilder->get()
 6 APPPATH\Controllers\Auth.php(24): App\Models\UserModel->tampildata()
 7 SYSTEMPATH\CodeIgniter.php(934): App\Controllers\Auth->index()
 8 SYSTEMPATH\CodeIgniter.php(499): CodeIgniter\CodeIgniter->runController(Object(App\Controllers\Auth))
 9 SYSTEMPATH\CodeIgniter.php(368): CodeIgniter\CodeIgniter->handleRequest(null, Object(Config\Cache), false)
10 FCPATH\index.php(67): CodeIgniter\CodeIgniter->run()
11 SYSTEMPATH\Commands\Server\rewrite.php(47): require_once('C:\\xampp\\htdocs\\APIclubhouse\\public\\index.php')
ERROR - 2023-09-28 21:13:07 --> mysqli_sql_exception: Unknown column 'users.id_users' in 'field list' in C:\xampp\htdocs\APIclubhouse\vendor\codeigniter4\framework\system\Database\MySQLi\Connection.php:295
Stack trace:
#0 C:\xampp\htdocs\APIclubhouse\vendor\codeigniter4\framework\system\Database\MySQLi\Connection.php(295): mysqli->query('SELECT `users`....', 0)
#1 C:\xampp\htdocs\APIclubhouse\vendor\codeigniter4\framework\system\Database\BaseConnection.php(692): CodeIgniter\Database\MySQLi\Connection->execute('SELECT `users`....')
#2 C:\xampp\htdocs\APIclubhouse\vendor\codeigniter4\framework\system\Database\BaseConnection.php(606): CodeIgniter\Database\BaseConnection->simpleQuery('SELECT `users`....')
#3 C:\xampp\htdocs\APIclubhouse\vendor\codeigniter4\framework\system\Database\BaseBuilder.php(1616): CodeIgniter\Database\BaseConnection->query('SELECT `users`....', Array, false)
#4 C:\xampp\htdocs\APIclubhouse\app\Models\UserModel.php(66): CodeIgniter\Database\BaseBuilder->get()
#5 C:\xampp\htdocs\APIclubhouse\app\Controllers\Auth.php(24): App\Models\UserModel->tampildata()
#6 C:\xampp\htdocs\APIclubhouse\vendor\codeigniter4\framework\system\CodeIgniter.php(934): App\Controllers\Auth->index()
#7 C:\xampp\htdocs\APIclubhouse\vendor\codeigniter4\framework\system\CodeIgniter.php(499): CodeIgniter\CodeIgniter->runController(Object(App\Controllers\Auth))
#8 C:\xampp\htdocs\APIclubhouse\vendor\codeigniter4\framework\system\CodeIgniter.php(368): CodeIgniter\CodeIgniter->handleRequest(NULL, Object(Config\Cache), false)
#9 C:\xampp\htdocs\APIclubhouse\public\index.php(67): CodeIgniter\CodeIgniter->run()
#10 C:\xampp\htdocs\APIclubhouse\vendor\codeigniter4\framework\system\Commands\Server\rewrite.php(47): require_once('C:\\xampp\\htdocs...')
#11 {main}
CRITICAL - 2023-09-28 21:13:07 --> Unknown column 'users.id_users' in 'field list'
in SYSTEMPATH\Database\MySQLi\Connection.php on line 295.
 1 SYSTEMPATH\Database\MySQLi\Connection.php(295): mysqli->query('SELECT `users`.`id_users`, `email`, `users`.`nama`, `nopeg`, `users`.`path_gambar`, `roles`.`nama` as `jenis`
FROM `users`', 0)
 2 SYSTEMPATH\Database\BaseConnection.php(692): CodeIgniter\Database\MySQLi\Connection->execute('SELECT `users`.`id_users`, `email`, `users`.`nama`, `nopeg`, `users`.`path_gambar`, `roles`.`nama` as `jenis`
FROM `users`')
 3 SYSTEMPATH\Database\BaseConnection.php(606): CodeIgniter\Database\BaseConnection->simpleQuery('SELECT `users`.`id_users`, `email`, `users`.`nama`, `nopeg`, `users`.`path_gambar`, `roles`.`nama` as `jenis`
FROM `users`')
 4 SYSTEMPATH\Database\BaseBuilder.php(1616): CodeIgniter\Database\BaseConnection->query('SELECT `users`.`id_users`, `email`, `users`.`nama`, `nopeg`, `users`.`path_gambar`, `roles`.`nama` as `jenis`
FROM `users`', [], false)
 5 APPPATH\Models\UserModel.php(66): CodeIgniter\Database\BaseBuilder->get()
 6 APPPATH\Controllers\Auth.php(24): App\Models\UserModel->tampildata()
 7 SYSTEMPATH\CodeIgniter.php(934): App\Controllers\Auth->index()
 8 SYSTEMPATH\CodeIgniter.php(499): CodeIgniter\CodeIgniter->runController(Object(App\Controllers\Auth))
 9 SYSTEMPATH\CodeIgniter.php(368): CodeIgniter\CodeIgniter->handleRequest(null, Object(Config\Cache), false)
10 FCPATH\index.php(67): CodeIgniter\CodeIgniter->run()
11 SYSTEMPATH\Commands\Server\rewrite.php(47): require_once('C:\\xampp\\htdocs\\APIclubhouse\\public\\index.php')
CRITICAL - 2023-09-28 21:16:02 --> Undefined array key "id"
in APPPATH\Controllers\Login.php on line 72.
 1 APPPATH\Controllers\Login.php(72): CodeIgniter\Debug\Exceptions->errorHandler(2, 'Undefined array key "id"', 'C:\\xampp\\htdocs\\APIclubhouse\\app\\Controllers\\Login.php', 72)
 2 SYSTEMPATH\CodeIgniter.php(934): App\Controllers\Login->index()
 3 SYSTEMPATH\CodeIgniter.php(499): CodeIgniter\CodeIgniter->runController(Object(App\Controllers\Login))
 4 SYSTEMPATH\CodeIgniter.php(368): CodeIgniter\CodeIgniter->handleRequest(null, Object(Config\Cache), false)
 5 FCPATH\index.php(67): CodeIgniter\CodeIgniter->run()
 6 SYSTEMPATH\Commands\Server\rewrite.php(47): require_once('C:\\xampp\\htdocs\\APIclubhouse\\public\\index.php')
ERROR - 2023-09-28 21:21:35 --> mysqli_sql_exception: Table 'db_she.roles' doesn't exist in C:\xampp\htdocs\APIclubhouse\vendor\codeigniter4\framework\system\Database\MySQLi\Connection.php:295
Stack trace:
#0 C:\xampp\htdocs\APIclubhouse\vendor\codeigniter4\framework\system\Database\MySQLi\Connection.php(295): mysqli->query('SELECT `users`....', 0)
#1 C:\xampp\htdocs\APIclubhouse\vendor\codeigniter4\framework\system\Database\BaseConnection.php(692): CodeIgniter\Database\MySQLi\Connection->execute('SELECT `users`....')
#2 C:\xampp\htdocs\APIclubhouse\vendor\codeigniter4\framework\system\Database\BaseConnection.php(606): CodeIgniter\Database\BaseConnection->simpleQuery('SELECT `users`....')
#3 C:\xampp\htdocs\APIclubhouse\vendor\codeigniter4\framework\system\Database\BaseBuilder.php(1616): CodeIgniter\Database\BaseConnection->query('SELECT `users`....', Array, false)
#4 C:\xampp\htdocs\APIclubhouse\app\Controllers\Me.php(38): CodeIgniter\Database\BaseBuilder->get()
#5 C:\xampp\htdocs\APIclubhouse\vendor\codeigniter4\framework\system\CodeIgniter.php(934): App\Controllers\Me->index()
#6 C:\xampp\htdocs\APIclubhouse\vendor\codeigniter4\framework\system\CodeIgniter.php(499): CodeIgniter\CodeIgniter->runController(Object(App\Controllers\Me))
#7 C:\xampp\htdocs\APIclubhouse\vendor\codeigniter4\framework\system\CodeIgniter.php(368): CodeIgniter\CodeIgniter->handleRequest(NULL, Object(Config\Cache), false)
#8 C:\xampp\htdocs\APIclubhouse\public\index.php(67): CodeIgniter\CodeIgniter->run()
#9 C:\xampp\htdocs\APIclubhouse\vendor\codeigniter4\framework\system\Commands\Server\rewrite.php(47): require_once('C:\\xampp\\htdocs...')
#10 {main}
ERROR - 2023-09-28 21:21:40 --> mysqli_sql_exception: Table 'db_she.roles' doesn't exist in C:\xampp\htdocs\APIclubhouse\vendor\codeigniter4\framework\system\Database\MySQLi\Connection.php:295
Stack trace:
#0 C:\xampp\htdocs\APIclubhouse\vendor\codeigniter4\framework\system\Database\MySQLi\Connection.php(295): mysqli->query('SELECT `users`....', 0)
#1 C:\xampp\htdocs\APIclubhouse\vendor\codeigniter4\framework\system\Database\BaseConnection.php(692): CodeIgniter\Database\MySQLi\Connection->execute('SELECT `users`....')
#2 C:\xampp\htdocs\APIclubhouse\vendor\codeigniter4\framework\system\Database\BaseConnection.php(606): CodeIgniter\Database\BaseConnection->simpleQuery('SELECT `users`....')
#3 C:\xampp\htdocs\APIclubhouse\vendor\codeigniter4\framework\system\Database\BaseBuilder.php(1616): CodeIgniter\Database\BaseConnection->query('SELECT `users`....', Array, false)
#4 C:\xampp\htdocs\APIclubhouse\app\Controllers\Me.php(38): CodeIgniter\Database\BaseBuilder->get()
#5 C:\xampp\htdocs\APIclubhouse\vendor\codeigniter4\framework\system\CodeIgniter.php(934): App\Controllers\Me->index()
#6 C:\xampp\htdocs\APIclubhouse\vendor\codeigniter4\framework\system\CodeIgniter.php(499): CodeIgniter\CodeIgniter->runController(Object(App\Controllers\Me))
#7 C:\xampp\htdocs\APIclubhouse\vendor\codeigniter4\framework\system\CodeIgniter.php(368): CodeIgniter\CodeIgniter->handleRequest(NULL, Object(Config\Cache), false)
#8 C:\xampp\htdocs\APIclubhouse\public\index.php(67): CodeIgniter\CodeIgniter->run()
#9 C:\xampp\htdocs\APIclubhouse\vendor\codeigniter4\framework\system\Commands\Server\rewrite.php(47): require_once('C:\\xampp\\htdocs...')
#10 {main}
ERROR - 2023-09-28 21:21:56 --> mysqli_sql_exception: Table 'db_she.roles' doesn't exist in C:\xampp\htdocs\APIclubhouse\vendor\codeigniter4\framework\system\Database\MySQLi\Connection.php:295
Stack trace:
#0 C:\xampp\htdocs\APIclubhouse\vendor\codeigniter4\framework\system\Database\MySQLi\Connection.php(295): mysqli->query('SELECT `users`....', 0)
#1 C:\xampp\htdocs\APIclubhouse\vendor\codeigniter4\framework\system\Database\BaseConnection.php(692): CodeIgniter\Database\MySQLi\Connection->execute('SELECT `users`....')
#2 C:\xampp\htdocs\APIclubhouse\vendor\codeigniter4\framework\system\Database\BaseConnection.php(606): CodeIgniter\Database\BaseConnection->simpleQuery('SELECT `users`....')
#3 C:\xampp\htdocs\APIclubhouse\vendor\codeigniter4\framework\system\Database\BaseBuilder.php(1616): CodeIgniter\Database\BaseConnection->query('SELECT `users`....', Array, false)
#4 C:\xampp\htdocs\APIclubhouse\app\Controllers\Me.php(38): CodeIgniter\Database\BaseBuilder->get()
#5 C:\xampp\htdocs\APIclubhouse\vendor\codeigniter4\framework\system\CodeIgniter.php(934): App\Controllers\Me->index()
#6 C:\xampp\htdocs\APIclubhouse\vendor\codeigniter4\framework\system\CodeIgniter.php(499): CodeIgniter\CodeIgniter->runController(Object(App\Controllers\Me))
#7 C:\xampp\htdocs\APIclubhouse\vendor\codeigniter4\framework\system\CodeIgniter.php(368): CodeIgniter\CodeIgniter->handleRequest(NULL, Object(Config\Cache), false)
#8 C:\xampp\htdocs\APIclubhouse\public\index.php(67): CodeIgniter\CodeIgniter->run()
#9 C:\xampp\htdocs\APIclubhouse\vendor\codeigniter4\framework\system\Commands\Server\rewrite.php(47): require_once('C:\\xampp\\htdocs...')
#10 {main}
CRITICAL - 2023-09-28 22:30:50 --> Token Required
in APPPATH\Controllers\Loading.php on line 315.
 1 SYSTEMPATH\CodeIgniter.php(934): App\Controllers\Loading->tampil()
 2 SYSTEMPATH\CodeIgniter.php(499): CodeIgniter\CodeIgniter->runController(Object(App\Controllers\Loading))
 3 SYSTEMPATH\CodeIgniter.php(368): CodeIgniter\CodeIgniter->handleRequest(null, Object(Config\Cache), false)
 4 FCPATH\index.php(67): CodeIgniter\CodeIgniter->run()
 5 SYSTEMPATH\Commands\Server\rewrite.php(47): require_once('C:\\xampp\\htdocs\\APIclubhouse\\public\\index.php')
ERROR - 2023-09-28 22:31:01 --> mysqli_sql_exception: Column 'created_at' in order clause is ambiguous in C:\xampp\htdocs\APIclubhouse\vendor\codeigniter4\framework\system\Database\MySQLi\Connection.php:295
Stack trace:
#0 C:\xampp\htdocs\APIclubhouse\vendor\codeigniter4\framework\system\Database\MySQLi\Connection.php(295): mysqli->query('SELECT *\nFROM `...', 0)
#1 C:\xampp\htdocs\APIclubhouse\vendor\codeigniter4\framework\system\Database\BaseConnection.php(692): CodeIgniter\Database\MySQLi\Connection->execute('SELECT *\nFROM `...')
#2 C:\xampp\htdocs\APIclubhouse\vendor\codeigniter4\framework\system\Database\BaseConnection.php(606): CodeIgniter\Database\BaseConnection->simpleQuery('SELECT *\nFROM `...')
#3 C:\xampp\htdocs\APIclubhouse\vendor\codeigniter4\framework\system\Database\BaseBuilder.php(1616): CodeIgniter\Database\BaseConnection->query('SELECT *\nFROM `...', Array, false)
#4 C:\xampp\htdocs\APIclubhouse\app\Controllers\Loading.php(327): CodeIgniter\Database\BaseBuilder->get()
#5 C:\xampp\htdocs\APIclubhouse\vendor\codeigniter4\framework\system\CodeIgniter.php(934): App\Controllers\Loading->tampil()
#6 C:\xampp\htdocs\APIclubhouse\vendor\codeigniter4\framework\system\CodeIgniter.php(499): CodeIgniter\CodeIgniter->runController(Object(App\Controllers\Loading))
#7 C:\xampp\htdocs\APIclubhouse\vendor\codeigniter4\framework\system\CodeIgniter.php(368): CodeIgniter\CodeIgniter->handleRequest(NULL, Object(Config\Cache), false)
#8 C:\xampp\htdocs\APIclubhouse\public\index.php(67): CodeIgniter\CodeIgniter->run()
#9 C:\xampp\htdocs\APIclubhouse\vendor\codeigniter4\framework\system\Commands\Server\rewrite.php(47): require_once('C:\\xampp\\htdocs...')
#10 {main}
CRITICAL - 2023-09-28 22:31:01 --> Column 'created_at' in order clause is ambiguous
in SYSTEMPATH\Database\MySQLi\Connection.php on line 295.
 1 SYSTEMPATH\Database\MySQLi\Connection.php(295): mysqli->query('SELECT *
FROM `loadings`
JOIN `users` ON `users`.`user_id`=`loadings`.`created_by_id`
WHERE `users`.`user_id` = \'1\'
ORDER BY `created_at` DESC', 0)
 2 SYSTEMPATH\Database\BaseConnection.php(692): CodeIgniter\Database\MySQLi\Connection->execute('SELECT *
FROM `loadings`
JOIN `users` ON `users`.`user_id`=`loadings`.`created_by_id`
WHERE `users`.`user_id` = \'1\'
ORDER BY `created_at` DESC')
 3 SYSTEMPATH\Database\BaseConnection.php(606): CodeIgniter\Database\BaseConnection->simpleQuery('SELECT *
FROM `loadings`
JOIN `users` ON `users`.`user_id`=`loadings`.`created_by_id`
WHERE `users`.`user_id` = \'1\'
ORDER BY `created_at` DESC')
 4 SYSTEMPATH\Database\BaseBuilder.php(1616): CodeIgniter\Database\BaseConnection->query('SELECT *
FROM `loadings`
JOIN `users` ON `users`.`user_id`=`loadings`.`created_by_id`
WHERE `users`.`user_id` = :users.user_id:
ORDER BY `created_at` DESC', [...], false)
 5 APPPATH\Controllers\Loading.php(327): CodeIgniter\Database\BaseBuilder->get()
 6 SYSTEMPATH\CodeIgniter.php(934): App\Controllers\Loading->tampil()
 7 SYSTEMPATH\CodeIgniter.php(499): CodeIgniter\CodeIgniter->runController(Object(App\Controllers\Loading))
 8 SYSTEMPATH\CodeIgniter.php(368): CodeIgniter\CodeIgniter->handleRequest(null, Object(Config\Cache), false)
 9 FCPATH\index.php(67): CodeIgniter\CodeIgniter->run()
10 SYSTEMPATH\Commands\Server\rewrite.php(47): require_once('C:\\xampp\\htdocs\\APIclubhouse\\public\\index.php')
ERROR - 2023-09-28 22:31:36 --> mysqli_sql_exception: Column 'created_at' in order clause is ambiguous in C:\xampp\htdocs\APIclubhouse\vendor\codeigniter4\framework\system\Database\MySQLi\Connection.php:295
Stack trace:
#0 C:\xampp\htdocs\APIclubhouse\vendor\codeigniter4\framework\system\Database\MySQLi\Connection.php(295): mysqli->query('SELECT *, `load...', 0)
#1 C:\xampp\htdocs\APIclubhouse\vendor\codeigniter4\framework\system\Database\BaseConnection.php(692): CodeIgniter\Database\MySQLi\Connection->execute('SELECT *, `load...')
#2 C:\xampp\htdocs\APIclubhouse\vendor\codeigniter4\framework\system\Database\BaseConnection.php(606): CodeIgniter\Database\BaseConnection->simpleQuery('SELECT *, `load...')
#3 C:\xampp\htdocs\APIclubhouse\vendor\codeigniter4\framework\system\Database\BaseBuilder.php(1616): CodeIgniter\Database\BaseConnection->query('SELECT *, `load...', Array, false)
#4 C:\xampp\htdocs\APIclubhouse\app\Controllers\Loading.php(327): CodeIgniter\Database\BaseBuilder->get()
#5 C:\xampp\htdocs\APIclubhouse\vendor\codeigniter4\framework\system\CodeIgniter.php(934): App\Controllers\Loading->tampil()
#6 C:\xampp\htdocs\APIclubhouse\vendor\codeigniter4\framework\system\CodeIgniter.php(499): CodeIgniter\CodeIgniter->runController(Object(App\Controllers\Loading))
#7 C:\xampp\htdocs\APIclubhouse\vendor\codeigniter4\framework\system\CodeIgniter.php(368): CodeIgniter\CodeIgniter->handleRequest(NULL, Object(Config\Cache), false)
#8 C:\xampp\htdocs\APIclubhouse\public\index.php(67): CodeIgniter\CodeIgniter->run()
#9 C:\xampp\htdocs\APIclubhouse\vendor\codeigniter4\framework\system\Commands\Server\rewrite.php(47): require_once('C:\\xampp\\htdocs...')
#10 {main}
CRITICAL - 2023-09-28 22:31:36 --> Column 'created_at' in order clause is ambiguous
in SYSTEMPATH\Database\MySQLi\Connection.php on line 295.
 1 SYSTEMPATH\Database\MySQLi\Connection.php(295): mysqli->query('SELECT *, `loadings`.`created_at`
FROM `loadings`
JOIN `users` ON `users`.`user_id`=`loadings`.`created_by_id`
WHERE `users`.`user_id` = \'1\'
ORDER BY `created_at` DESC', 0)
 2 SYSTEMPATH\Database\BaseConnection.php(692): CodeIgniter\Database\MySQLi\Connection->execute('SELECT *, `loadings`.`created_at`
FROM `loadings`
JOIN `users` ON `users`.`user_id`=`loadings`.`created_by_id`
WHERE `users`.`user_id` = \'1\'
ORDER BY `created_at` DESC')
 3 SYSTEMPATH\Database\BaseConnection.php(606): CodeIgniter\Database\BaseConnection->simpleQuery('SELECT *, `loadings`.`created_at`
FROM `loadings`
JOIN `users` ON `users`.`user_id`=`loadings`.`created_by_id`
WHERE `users`.`user_id` = \'1\'
ORDER BY `created_at` DESC')
 4 SYSTEMPATH\Database\BaseBuilder.php(1616): CodeIgniter\Database\BaseConnection->query('SELECT *, `loadings`.`created_at`
FROM `loadings`
JOIN `users` ON `users`.`user_id`=`loadings`.`created_by_id`
WHERE `users`.`user_id` = :users.user_id:
ORDER BY `created_at` DESC', [...], false)
 5 APPPATH\Controllers\Loading.php(327): CodeIgniter\Database\BaseBuilder->get()
 6 SYSTEMPATH\CodeIgniter.php(934): App\Controllers\Loading->tampil()
 7 SYSTEMPATH\CodeIgniter.php(499): CodeIgniter\CodeIgniter->runController(Object(App\Controllers\Loading))
 8 SYSTEMPATH\CodeIgniter.php(368): CodeIgniter\CodeIgniter->handleRequest(null, Object(Config\Cache), false)
 9 FCPATH\index.php(67): CodeIgniter\CodeIgniter->run()
10 SYSTEMPATH\Commands\Server\rewrite.php(47): require_once('C:\\xampp\\htdocs\\APIclubhouse\\public\\index.php')
CRITICAL - 2023-09-28 22:45:01 --> Token Required
in APPPATH\Controllers\Hauling.php on line 240.
 1 SYSTEMPATH\CodeIgniter.php(934): App\Controllers\Hauling->tampil()
 2 SYSTEMPATH\CodeIgniter.php(499): CodeIgniter\CodeIgniter->runController(Object(App\Controllers\Hauling))
 3 SYSTEMPATH\CodeIgniter.php(368): CodeIgniter\CodeIgniter->handleRequest(null, Object(Config\Cache), false)
 4 FCPATH\index.php(67): CodeIgniter\CodeIgniter->run()
 5 SYSTEMPATH\Commands\Server\rewrite.php(47): require_once('C:\\xampp\\htdocs\\APIclubhouse\\public\\index.php')
