CRITICAL - 2023-06-09 01:07:05 --> Call to a member function getName() on null
in APPPATH/Controllers/Register.php on line 39.
 1 SYSTEMPATH/CodeIgniter.php(934): App\Controllers\Register->index()
 2 SYSTEMPATH/CodeIgniter.php(499): CodeIgniter\CodeIgniter->runController()
 3 SYSTEMPATH/CodeIgniter.php(368): CodeIgniter\CodeIgniter->handleRequest()
 4 FCPATH/index.php(67): CodeIgniter\CodeIgniter->run()
CRITICAL - 2023-06-09 21:54:06 --> Call to a member function getName() on null
in APPPATH\Controllers\Register.php on line 39.
 1 SYSTEMPATH\CodeIgniter.php(934): App\Controllers\Register->index()
 2 SYSTEMPATH\CodeIgniter.php(499): CodeIgniter\CodeIgniter->runController(Object(App\Controllers\Register))
 3 SYSTEMPATH\CodeIgniter.php(368): CodeIgniter\CodeIgniter->handleRequest(null, Object(Config\Cache), false)
 4 FCPATH\index.php(67): CodeIgniter\CodeIgniter->run()
 5 SYSTEMPATH\Commands\Server\rewrite.php(47): require_once('C:\\Users\\SFourT\\Desktop\\APIclubhouse\\public\\index.php')
CRITICAL - 2023-06-09 21:55:01 --> Call to a member function getName() on null
in APPPATH\Controllers\Register.php on line 39.
 1 SYSTEMPATH\CodeIgniter.php(934): App\Controllers\Register->index()
 2 SYSTEMPATH\CodeIgniter.php(499): CodeIgniter\CodeIgniter->runController(Object(App\Controllers\Register))
 3 SYSTEMPATH\CodeIgniter.php(368): CodeIgniter\CodeIgniter->handleRequest(null, Object(Config\Cache), false)
 4 FCPATH\index.php(67): CodeIgniter\CodeIgniter->run()
 5 SYSTEMPATH\Commands\Server\rewrite.php(47): require_once('C:\\Users\\SFourT\\Desktop\\APIclubhouse\\public\\index.php')
CRITICAL - 2023-06-09 21:55:35 --> Call to a member function getName() on null
in APPPATH\Controllers\Register.php on line 39.
 1 SYSTEMPATH\CodeIgniter.php(934): App\Controllers\Register->index()
 2 SYSTEMPATH\CodeIgniter.php(499): CodeIgniter\CodeIgniter->runController(Object(App\Controllers\Register))
 3 SYSTEMPATH\CodeIgniter.php(368): CodeIgniter\CodeIgniter->handleRequest(null, Object(Config\Cache), false)
 4 FCPATH\index.php(67): CodeIgniter\CodeIgniter->run()
 5 SYSTEMPATH\Commands\Server\rewrite.php(47): require_once('C:\\Users\\SFourT\\Desktop\\APIclubhouse\\public\\index.php')
CRITICAL - 2023-06-09 21:57:51 --> Undefined index: id
in APPPATH\Controllers\Login.php on line 57.
 1 APPPATH\Controllers\Login.php(57): CodeIgniter\Debug\Exceptions->errorHandler(8, 'Undefined index: id', 'C:\\Users\\SFourT\\Desktop\\APIclubhouse\\app\\Controllers\\Login.php', 57, [...])
 2 SYSTEMPATH\CodeIgniter.php(934): App\Controllers\Login->index()
 3 SYSTEMPATH\CodeIgniter.php(499): CodeIgniter\CodeIgniter->runController(Object(App\Controllers\Login))
 4 SYSTEMPATH\CodeIgniter.php(368): CodeIgniter\CodeIgniter->handleRequest(null, Object(Config\Cache), false)
 5 FCPATH\index.php(67): CodeIgniter\CodeIgniter->run()
 6 SYSTEMPATH\Commands\Server\rewrite.php(47): require_once('C:\\Users\\SFourT\\Desktop\\APIclubhouse\\public\\index.php')
ERROR - 2023-06-09 21:59:23 --> mysqli_sql_exception: Unknown column 'users.id' in 'where clause' in C:\Users\SFourT\Desktop\APIclubhouse\vendor\codeigniter4\framework\system\Database\MySQLi\Connection.php:295
Stack trace:
#0 C:\Users\SFourT\Desktop\APIclubhouse\vendor\codeigniter4\framework\system\Database\MySQLi\Connection.php(295): mysqli->query('SELECT `roles`....', 0)
#1 C:\Users\SFourT\Desktop\APIclubhouse\vendor\codeigniter4\framework\system\Database\BaseConnection.php(692): CodeIgniter\Database\MySQLi\Connection->execute('SELECT `roles`....')
#2 C:\Users\SFourT\Desktop\APIclubhouse\vendor\codeigniter4\framework\system\Database\BaseConnection.php(606): CodeIgniter\Database\BaseConnection->simpleQuery('SELECT `roles`....')
#3 C:\Users\SFourT\Desktop\APIclubhouse\vendor\codeigniter4\framework\system\Database\BaseBuilder.php(1616): CodeIgniter\Database\BaseConnection->query('SELECT `roles`....', Array, false)
#4 C:\Users\SFourT\Desktop\APIclubhouse\app\Controllers\Login.php(58): CodeIgniter\Database\BaseBuilder->get()
#5 C:\Users\SFourT\Desktop\APIclubhouse\vendor\codeigniter4\framework\system\CodeIgniter.php(934): App\Controllers\Login->index()
#6 C:\Users\SFourT\Desktop\APIclubhouse\vendor\codeigniter4\framework\system\CodeIgniter.php(499): CodeIgniter\CodeIgniter->runController(Object(App\Controllers\Login))
#7 C:\Users\SFourT\Desktop\APIclubhouse\vendor\codeigniter4\framework\system\CodeIgniter.php(368): CodeIgniter\CodeIgniter->handleRequest(NULL, Object(Config\Cache), false)
#8 C:\Users\SFourT\Desktop\APIclubhouse\public\index.php(67): CodeIgniter\CodeIgniter->run()
#9 C:\Users\SFourT\Desktop\APIclubhouse\vendor\codeigniter4\framework\system\Commands\Server\rewrite.php(47): require_once('C:\\Users\\SFourT...')
#10 {main}
CRITICAL - 2023-06-09 21:59:23 --> Unknown column 'users.id' in 'where clause'
in SYSTEMPATH\Database\MySQLi\Connection.php on line 295.
 1 SYSTEMPATH\Database\MySQLi\Connection.php(295): mysqli->query('SELECT `roles`.`nama`
FROM `roles`
JOIN `users` ON `users`.`role_id`=`roles`.`id`
WHERE `users`.`id` = \'1\'', 0)
 2 SYSTEMPATH\Database\BaseConnection.php(692): CodeIgniter\Database\MySQLi\Connection->execute('SELECT `roles`.`nama`
FROM `roles`
JOIN `users` ON `users`.`role_id`=`roles`.`id`
WHERE `users`.`id` = \'1\'')
 3 SYSTEMPATH\Database\BaseConnection.php(606): CodeIgniter\Database\BaseConnection->simpleQuery('SELECT `roles`.`nama`
FROM `roles`
JOIN `users` ON `users`.`role_id`=`roles`.`id`
WHERE `users`.`id` = \'1\'')
 4 SYSTEMPATH\Database\BaseBuilder.php(1616): CodeIgniter\Database\BaseConnection->query('SELECT `roles`.`nama`
FROM `roles`
JOIN `users` ON `users`.`role_id`=`roles`.`id`
WHERE `users`.`id` = :users.id:', [...], false)
 5 APPPATH\Controllers\Login.php(58): CodeIgniter\Database\BaseBuilder->get()
 6 SYSTEMPATH\CodeIgniter.php(934): App\Controllers\Login->index()
 7 SYSTEMPATH\CodeIgniter.php(499): CodeIgniter\CodeIgniter->runController(Object(App\Controllers\Login))
 8 SYSTEMPATH\CodeIgniter.php(368): CodeIgniter\CodeIgniter->handleRequest(null, Object(Config\Cache), false)
 9 FCPATH\index.php(67): CodeIgniter\CodeIgniter->run()
10 SYSTEMPATH\Commands\Server\rewrite.php(47): require_once('C:\\Users\\SFourT\\Desktop\\APIclubhouse\\public\\index.php')
CRITICAL - 2023-06-09 22:00:21 --> Call to a member function getName() on null
in APPPATH\Controllers\Register.php on line 39.
 1 SYSTEMPATH\CodeIgniter.php(934): App\Controllers\Register->index()
 2 SYSTEMPATH\CodeIgniter.php(499): CodeIgniter\CodeIgniter->runController(Object(App\Controllers\Register))
 3 SYSTEMPATH\CodeIgniter.php(368): CodeIgniter\CodeIgniter->handleRequest(null, Object(Config\Cache), false)
 4 FCPATH\index.php(67): CodeIgniter\CodeIgniter->run()
 5 SYSTEMPATH\Commands\Server\rewrite.php(47): require_once('C:\\Users\\SFourT\\Desktop\\APIclubhouse\\public\\index.php')
ERROR - 2023-06-09 22:09:43 --> mysqli_sql_exception: Column 'nopeg' cannot be null in C:\Users\SFourT\Desktop\APIclubhouse\vendor\codeigniter4\framework\system\Database\MySQLi\Connection.php:295
Stack trace:
#0 C:\Users\SFourT\Desktop\APIclubhouse\vendor\codeigniter4\framework\system\Database\MySQLi\Connection.php(295): mysqli->query('INSERT INTO `us...', 0)
#1 C:\Users\SFourT\Desktop\APIclubhouse\vendor\codeigniter4\framework\system\Database\BaseConnection.php(692): CodeIgniter\Database\MySQLi\Connection->execute('INSERT INTO `us...')
#2 C:\Users\SFourT\Desktop\APIclubhouse\vendor\codeigniter4\framework\system\Database\BaseConnection.php(606): CodeIgniter\Database\BaseConnection->simpleQuery('INSERT INTO `us...')
#3 C:\Users\SFourT\Desktop\APIclubhouse\vendor\codeigniter4\framework\system\Database\BaseBuilder.php(2309): CodeIgniter\Database\BaseConnection->query('INSERT INTO `us...', Array, false)
#4 C:\Users\SFourT\Desktop\APIclubhouse\vendor\codeigniter4\framework\system\Model.php(330): CodeIgniter\Database\BaseBuilder->insert()
#5 C:\Users\SFourT\Desktop\APIclubhouse\vendor\codeigniter4\framework\system\BaseModel.php(782): CodeIgniter\Model->doInsert(Array)
#6 C:\Users\SFourT\Desktop\APIclubhouse\vendor\codeigniter4\framework\system\Model.php(730): CodeIgniter\BaseModel->insert(Array, false)
#7 C:\Users\SFourT\Desktop\APIclubhouse\vendor\codeigniter4\framework\system\BaseModel.php(692): CodeIgniter\Model->insert(Array, false)
#8 C:\Users\SFourT\Desktop\APIclubhouse\app\Controllers\Register.php(84): CodeIgniter\BaseModel->save(Array)
#9 C:\Users\SFourT\Desktop\APIclubhouse\vendor\codeigniter4\framework\system\CodeIgniter.php(934): App\Controllers\Register->index()
#10 C:\Users\SFourT\Desktop\APIclubhouse\vendor\codeigniter4\framework\system\CodeIgniter.php(499): CodeIgniter\CodeIgniter->runController(Object(App\Controllers\Register))
#11 C:\Users\SFourT\Desktop\APIclubhouse\vendor\codeigniter4\framework\system\CodeIgniter.php(368): CodeIgniter\CodeIgniter->handleRequest(NULL, Object(Config\Cache), false)
#12 C:\Users\SFourT\Desktop\APIclubhouse\public\index.php(67): CodeIgniter\CodeIgniter->run()
#13 C:\Users\SFourT\Desktop\APIclubhouse\vendor\codeigniter4\framework\system\Commands\Server\rewrite.php(47): require_once('C:\\Users\\SFourT...')
#14 {main}
CRITICAL - 2023-06-09 22:09:43 --> Column 'nopeg' cannot be null
in SYSTEMPATH\Database\MySQLi\Connection.php on line 295.
 1 SYSTEMPATH\Database\MySQLi\Connection.php(295): mysqli->query('INSERT INTO `users` (`nama`, `role_id`, `gambar`, `path_gambar`, `email`, `password`, `username`, `nopeg`) VALUES (\'asa\', 1, \'1686366584.png\', \'/user/1686366584.png\', \'tsrrtart@gmail.com\', \'$2y$10$oJXSeRcKMGt9kMwWfNnIq.UuB7YZc2fLL1Hsot0xcsqCLNQpEXPW6\', \'styuat\', NULL)', 0)
 2 SYSTEMPATH\Database\BaseConnection.php(692): CodeIgniter\Database\MySQLi\Connection->execute('INSERT INTO `users` (`nama`, `role_id`, `gambar`, `path_gambar`, `email`, `password`, `username`, `nopeg`) VALUES (\'asa\', 1, \'1686366584.png\', \'/user/1686366584.png\', \'tsrrtart@gmail.com\', \'$2y$10$oJXSeRcKMGt9kMwWfNnIq.UuB7YZc2fLL1Hsot0xcsqCLNQpEXPW6\', \'styuat\', NULL)')
 3 SYSTEMPATH\Database\BaseConnection.php(606): CodeIgniter\Database\BaseConnection->simpleQuery('INSERT INTO `users` (`nama`, `role_id`, `gambar`, `path_gambar`, `email`, `password`, `username`, `nopeg`) VALUES (\'asa\', 1, \'1686366584.png\', \'/user/1686366584.png\', \'tsrrtart@gmail.com\', \'$2y$10$oJXSeRcKMGt9kMwWfNnIq.UuB7YZc2fLL1Hsot0xcsqCLNQpEXPW6\', \'styuat\', NULL)')
 4 SYSTEMPATH\Database\BaseBuilder.php(2309): CodeIgniter\Database\BaseConnection->query('INSERT INTO `users` (`nama`, `role_id`, `gambar`, `path_gambar`, `email`, `password`, `username`, `nopeg`) VALUES (:nama:, :role_id:, :gambar:, :path_gambar:, :email:, :password:, :username:, :nopeg:)', [...], false)
 5 SYSTEMPATH\Model.php(330): CodeIgniter\Database\BaseBuilder->insert()
 6 SYSTEMPATH\BaseModel.php(782): CodeIgniter\Model->doInsert([...])
 7 SYSTEMPATH\Model.php(730): CodeIgniter\BaseModel->insert([...], false)
 8 SYSTEMPATH\BaseModel.php(692): CodeIgniter\Model->insert([...], false)
 9 APPPATH\Controllers\Register.php(84): CodeIgniter\BaseModel->save([...])
10 SYSTEMPATH\CodeIgniter.php(934): App\Controllers\Register->index()
11 SYSTEMPATH\CodeIgniter.php(499): CodeIgniter\CodeIgniter->runController(Object(App\Controllers\Register))
12 SYSTEMPATH\CodeIgniter.php(368): CodeIgniter\CodeIgniter->handleRequest(null, Object(Config\Cache), false)
13 FCPATH\index.php(67): CodeIgniter\CodeIgniter->run()
14 SYSTEMPATH\Commands\Server\rewrite.php(47): require_once('C:\\Users\\SFourT\\Desktop\\APIclubhouse\\public\\index.php')
ERROR - 2023-06-09 22:12:33 --> mysqli_sql_exception: Unknown column 'id' in 'order clause' in C:\Users\SFourT\Desktop\APIclubhouse\vendor\codeigniter4\framework\system\Database\MySQLi\Connection.php:295
Stack trace:
#0 C:\Users\SFourT\Desktop\APIclubhouse\vendor\codeigniter4\framework\system\Database\MySQLi\Connection.php(295): mysqli->query('SELECT *\nFROM `...', 0)
#1 C:\Users\SFourT\Desktop\APIclubhouse\vendor\codeigniter4\framework\system\Database\BaseConnection.php(692): CodeIgniter\Database\MySQLi\Connection->execute('SELECT *\nFROM `...')
#2 C:\Users\SFourT\Desktop\APIclubhouse\vendor\codeigniter4\framework\system\Database\BaseConnection.php(606): CodeIgniter\Database\BaseConnection->simpleQuery('SELECT *\nFROM `...')
#3 C:\Users\SFourT\Desktop\APIclubhouse\vendor\codeigniter4\framework\system\Database\BaseBuilder.php(1616): CodeIgniter\Database\BaseConnection->query('SELECT *\nFROM `...', Array, false)
#4 C:\Users\SFourT\Desktop\APIclubhouse\vendor\codeigniter4\framework\system\Model.php(241): CodeIgniter\Database\BaseBuilder->get()
#5 C:\Users\SFourT\Desktop\APIclubhouse\vendor\codeigniter4\framework\system\BaseModel.php(618): CodeIgniter\Model->doFindAll(0, 0)
#6 C:\Users\SFourT\Desktop\APIclubhouse\app\Controllers\Location.php(25): CodeIgniter\BaseModel->findAll()
#7 C:\Users\SFourT\Desktop\APIclubhouse\vendor\codeigniter4\framework\system\CodeIgniter.php(934): App\Controllers\Location->index()
#8 C:\Users\SFourT\Desktop\APIclubhouse\vendor\codeigniter4\framework\system\CodeIgniter.php(499): CodeIgniter\CodeIgniter->runController(Object(App\Controllers\Location))
#9 C:\Users\SFourT\Desktop\APIclubhouse\vendor\codeigniter4\framework\system\CodeIgniter.php(368): CodeIgniter\CodeIgniter->handleRequest(NULL, Object(Config\Cache), false)
#10 C:\Users\SFourT\Desktop\APIclubhouse\public\index.php(67): CodeIgniter\CodeIgniter->run()
#11 C:\Users\SFourT\Desktop\APIclubhouse\vendor\codeigniter4\framework\system\Commands\Server\rewrite.php(47): require_once('C:\\Users\\SFourT...')
#12 {main}
CRITICAL - 2023-06-09 22:12:33 --> Unknown column 'id' in 'order clause'
in SYSTEMPATH\Database\MySQLi\Connection.php on line 295.
 1 SYSTEMPATH\Database\MySQLi\Connection.php(295): mysqli->query('SELECT *
FROM `locations`
ORDER BY `id` ASC', 0)
 2 SYSTEMPATH\Database\BaseConnection.php(692): CodeIgniter\Database\MySQLi\Connection->execute('SELECT *
FROM `locations`
ORDER BY `id` ASC')
 3 SYSTEMPATH\Database\BaseConnection.php(606): CodeIgniter\Database\BaseConnection->simpleQuery('SELECT *
FROM `locations`
ORDER BY `id` ASC')
 4 SYSTEMPATH\Database\BaseBuilder.php(1616): CodeIgniter\Database\BaseConnection->query('SELECT *
FROM `locations`
ORDER BY `id` ASC', [], false)
 5 SYSTEMPATH\Model.php(241): CodeIgniter\Database\BaseBuilder->get()
 6 SYSTEMPATH\BaseModel.php(618): CodeIgniter\Model->doFindAll(0, 0)
 7 APPPATH\Controllers\Location.php(25): CodeIgniter\BaseModel->findAll()
 8 SYSTEMPATH\CodeIgniter.php(934): App\Controllers\Location->index()
 9 SYSTEMPATH\CodeIgniter.php(499): CodeIgniter\CodeIgniter->runController(Object(App\Controllers\Location))
10 SYSTEMPATH\CodeIgniter.php(368): CodeIgniter\CodeIgniter->handleRequest(null, Object(Config\Cache), false)
11 FCPATH\index.php(67): CodeIgniter\CodeIgniter->run()
12 SYSTEMPATH\Commands\Server\rewrite.php(47): require_once('C:\\Users\\SFourT\\Desktop\\APIclubhouse\\public\\index.php')
ERROR - 2023-06-09 22:13:27 --> mysqli_sql_exception: Unknown column 'id' in 'order clause' in C:\Users\SFourT\Desktop\APIclubhouse\vendor\codeigniter4\framework\system\Database\MySQLi\Connection.php:295
Stack trace:
#0 C:\Users\SFourT\Desktop\APIclubhouse\vendor\codeigniter4\framework\system\Database\MySQLi\Connection.php(295): mysqli->query('SELECT *\nFROM `...', 0)
#1 C:\Users\SFourT\Desktop\APIclubhouse\vendor\codeigniter4\framework\system\Database\BaseConnection.php(692): CodeIgniter\Database\MySQLi\Connection->execute('SELECT *\nFROM `...')
#2 C:\Users\SFourT\Desktop\APIclubhouse\vendor\codeigniter4\framework\system\Database\BaseConnection.php(606): CodeIgniter\Database\BaseConnection->simpleQuery('SELECT *\nFROM `...')
#3 C:\Users\SFourT\Desktop\APIclubhouse\vendor\codeigniter4\framework\system\Database\BaseBuilder.php(1616): CodeIgniter\Database\BaseConnection->query('SELECT *\nFROM `...', Array, false)
#4 C:\Users\SFourT\Desktop\APIclubhouse\vendor\codeigniter4\framework\system\Model.php(241): CodeIgniter\Database\BaseBuilder->get()
#5 C:\Users\SFourT\Desktop\APIclubhouse\vendor\codeigniter4\framework\system\BaseModel.php(618): CodeIgniter\Model->doFindAll(0, 0)
#6 C:\Users\SFourT\Desktop\APIclubhouse\app\Controllers\Location.php(25): CodeIgniter\BaseModel->findAll()
#7 C:\Users\SFourT\Desktop\APIclubhouse\vendor\codeigniter4\framework\system\CodeIgniter.php(934): App\Controllers\Location->index()
#8 C:\Users\SFourT\Desktop\APIclubhouse\vendor\codeigniter4\framework\system\CodeIgniter.php(499): CodeIgniter\CodeIgniter->runController(Object(App\Controllers\Location))
#9 C:\Users\SFourT\Desktop\APIclubhouse\vendor\codeigniter4\framework\system\CodeIgniter.php(368): CodeIgniter\CodeIgniter->handleRequest(NULL, Object(Config\Cache), false)
#10 C:\Users\SFourT\Desktop\APIclubhouse\public\index.php(67): CodeIgniter\CodeIgniter->run()
#11 C:\Users\SFourT\Desktop\APIclubhouse\vendor\codeigniter4\framework\system\Commands\Server\rewrite.php(47): require_once('C:\\Users\\SFourT...')
#12 {main}
CRITICAL - 2023-06-09 22:13:27 --> Unknown column 'id' in 'order clause'
in SYSTEMPATH\Database\MySQLi\Connection.php on line 295.
 1 SYSTEMPATH\Database\MySQLi\Connection.php(295): mysqli->query('SELECT *
FROM `locations`
ORDER BY `id` ASC', 0)
 2 SYSTEMPATH\Database\BaseConnection.php(692): CodeIgniter\Database\MySQLi\Connection->execute('SELECT *
FROM `locations`
ORDER BY `id` ASC')
 3 SYSTEMPATH\Database\BaseConnection.php(606): CodeIgniter\Database\BaseConnection->simpleQuery('SELECT *
FROM `locations`
ORDER BY `id` ASC')
 4 SYSTEMPATH\Database\BaseBuilder.php(1616): CodeIgniter\Database\BaseConnection->query('SELECT *
FROM `locations`
ORDER BY `id` ASC', [], false)
 5 SYSTEMPATH\Model.php(241): CodeIgniter\Database\BaseBuilder->get()
 6 SYSTEMPATH\BaseModel.php(618): CodeIgniter\Model->doFindAll(0, 0)
 7 APPPATH\Controllers\Location.php(25): CodeIgniter\BaseModel->findAll()
 8 SYSTEMPATH\CodeIgniter.php(934): App\Controllers\Location->index()
 9 SYSTEMPATH\CodeIgniter.php(499): CodeIgniter\CodeIgniter->runController(Object(App\Controllers\Location))
10 SYSTEMPATH\CodeIgniter.php(368): CodeIgniter\CodeIgniter->handleRequest(null, Object(Config\Cache), false)
11 FCPATH\index.php(67): CodeIgniter\CodeIgniter->run()
12 SYSTEMPATH\Commands\Server\rewrite.php(47): require_once('C:\\Users\\SFourT\\Desktop\\APIclubhouse\\public\\index.php')
ERROR - 2023-06-09 22:17:42 --> mysqli_sql_exception: Unknown column 'id' in 'field list' in C:\Users\SFourT\Desktop\APIclubhouse\vendor\codeigniter4\framework\system\Database\MySQLi\Connection.php:295
Stack trace:
#0 C:\Users\SFourT\Desktop\APIclubhouse\vendor\codeigniter4\framework\system\Database\MySQLi\Connection.php(295): mysqli->query('INSERT INTO `ro...', 0)
#1 C:\Users\SFourT\Desktop\APIclubhouse\vendor\codeigniter4\framework\system\Database\BaseConnection.php(692): CodeIgniter\Database\MySQLi\Connection->execute('INSERT INTO `ro...')
#2 C:\Users\SFourT\Desktop\APIclubhouse\vendor\codeigniter4\framework\system\Database\BaseConnection.php(606): CodeIgniter\Database\BaseConnection->simpleQuery('INSERT INTO `ro...')
#3 C:\Users\SFourT\Desktop\APIclubhouse\vendor\codeigniter4\framework\system\Database\BaseBuilder.php(2309): CodeIgniter\Database\BaseConnection->query('INSERT INTO `ro...', Array, false)
#4 C:\Users\SFourT\Desktop\APIclubhouse\app\Controllers\Location.php(120): CodeIgniter\Database\BaseBuilder->insert(Array)
#5 C:\Users\SFourT\Desktop\APIclubhouse\vendor\codeigniter4\framework\system\CodeIgniter.php(934): App\Controllers\Location->create()
#6 C:\Users\SFourT\Desktop\APIclubhouse\vendor\codeigniter4\framework\system\CodeIgniter.php(499): CodeIgniter\CodeIgniter->runController(Object(App\Controllers\Location))
#7 C:\Users\SFourT\Desktop\APIclubhouse\vendor\codeigniter4\framework\system\CodeIgniter.php(368): CodeIgniter\CodeIgniter->handleRequest(NULL, Object(Config\Cache), false)
#8 C:\Users\SFourT\Desktop\APIclubhouse\public\index.php(67): CodeIgniter\CodeIgniter->run()
#9 C:\Users\SFourT\Desktop\APIclubhouse\vendor\codeigniter4\framework\system\Commands\Server\rewrite.php(47): require_once('C:\\Users\\SFourT...')
#10 {main}
ERROR - 2023-06-09 22:17:56 --> mysqli_sql_exception: Unknown column 'id' in 'field list' in C:\Users\SFourT\Desktop\APIclubhouse\vendor\codeigniter4\framework\system\Database\MySQLi\Connection.php:295
Stack trace:
#0 C:\Users\SFourT\Desktop\APIclubhouse\vendor\codeigniter4\framework\system\Database\MySQLi\Connection.php(295): mysqli->query('INSERT INTO `ro...', 0)
#1 C:\Users\SFourT\Desktop\APIclubhouse\vendor\codeigniter4\framework\system\Database\BaseConnection.php(692): CodeIgniter\Database\MySQLi\Connection->execute('INSERT INTO `ro...')
#2 C:\Users\SFourT\Desktop\APIclubhouse\vendor\codeigniter4\framework\system\Database\BaseConnection.php(606): CodeIgniter\Database\BaseConnection->simpleQuery('INSERT INTO `ro...')
#3 C:\Users\SFourT\Desktop\APIclubhouse\vendor\codeigniter4\framework\system\Database\BaseBuilder.php(2309): CodeIgniter\Database\BaseConnection->query('INSERT INTO `ro...', Array, false)
#4 C:\Users\SFourT\Desktop\APIclubhouse\app\Controllers\Location.php(120): CodeIgniter\Database\BaseBuilder->insert(Array)
#5 C:\Users\SFourT\Desktop\APIclubhouse\vendor\codeigniter4\framework\system\CodeIgniter.php(934): App\Controllers\Location->create()
#6 C:\Users\SFourT\Desktop\APIclubhouse\vendor\codeigniter4\framework\system\CodeIgniter.php(499): CodeIgniter\CodeIgniter->runController(Object(App\Controllers\Location))
#7 C:\Users\SFourT\Desktop\APIclubhouse\vendor\codeigniter4\framework\system\CodeIgniter.php(368): CodeIgniter\CodeIgniter->handleRequest(NULL, Object(Config\Cache), false)
#8 C:\Users\SFourT\Desktop\APIclubhouse\public\index.php(67): CodeIgniter\CodeIgniter->run()
#9 C:\Users\SFourT\Desktop\APIclubhouse\vendor\codeigniter4\framework\system\Commands\Server\rewrite.php(47): require_once('C:\\Users\\SFourT...')
#10 {main}
ERROR - 2023-06-09 22:18:41 --> mysqli_sql_exception: Unknown column 'id_locations' in 'field list' in C:\Users\SFourT\Desktop\APIclubhouse\vendor\codeigniter4\framework\system\Database\MySQLi\Connection.php:295
Stack trace:
#0 C:\Users\SFourT\Desktop\APIclubhouse\vendor\codeigniter4\framework\system\Database\MySQLi\Connection.php(295): mysqli->query('INSERT INTO `ro...', 0)
#1 C:\Users\SFourT\Desktop\APIclubhouse\vendor\codeigniter4\framework\system\Database\BaseConnection.php(692): CodeIgniter\Database\MySQLi\Connection->execute('INSERT INTO `ro...')
#2 C:\Users\SFourT\Desktop\APIclubhouse\vendor\codeigniter4\framework\system\Database\BaseConnection.php(606): CodeIgniter\Database\BaseConnection->simpleQuery('INSERT INTO `ro...')
#3 C:\Users\SFourT\Desktop\APIclubhouse\vendor\codeigniter4\framework\system\Database\BaseBuilder.php(2309): CodeIgniter\Database\BaseConnection->query('INSERT INTO `ro...', Array, false)
#4 C:\Users\SFourT\Desktop\APIclubhouse\app\Controllers\Location.php(120): CodeIgniter\Database\BaseBuilder->insert(Array)
#5 C:\Users\SFourT\Desktop\APIclubhouse\vendor\codeigniter4\framework\system\CodeIgniter.php(934): App\Controllers\Location->create()
#6 C:\Users\SFourT\Desktop\APIclubhouse\vendor\codeigniter4\framework\system\CodeIgniter.php(499): CodeIgniter\CodeIgniter->runController(Object(App\Controllers\Location))
#7 C:\Users\SFourT\Desktop\APIclubhouse\vendor\codeigniter4\framework\system\CodeIgniter.php(368): CodeIgniter\CodeIgniter->handleRequest(NULL, Object(Config\Cache), false)
#8 C:\Users\SFourT\Desktop\APIclubhouse\public\index.php(67): CodeIgniter\CodeIgniter->run()
#9 C:\Users\SFourT\Desktop\APIclubhouse\vendor\codeigniter4\framework\system\Commands\Server\rewrite.php(47): require_once('C:\\Users\\SFourT...')
#10 {main}
ERROR - 2023-06-09 22:20:20 --> mysqli_sql_exception: Unknown column 'id' in 'where clause' in C:\Users\SFourT\Desktop\APIclubhouse\vendor\codeigniter4\framework\system\Database\MySQLi\Connection.php:295
Stack trace:
#0 C:\Users\SFourT\Desktop\APIclubhouse\vendor\codeigniter4\framework\system\Database\MySQLi\Connection.php(295): mysqli->query('SELECT *\nFROM `...', 0)
#1 C:\Users\SFourT\Desktop\APIclubhouse\vendor\codeigniter4\framework\system\Database\BaseConnection.php(692): CodeIgniter\Database\MySQLi\Connection->execute('SELECT *\nFROM `...')
#2 C:\Users\SFourT\Desktop\APIclubhouse\vendor\codeigniter4\framework\system\Database\BaseConnection.php(606): CodeIgniter\Database\BaseConnection->simpleQuery('SELECT *\nFROM `...')
#3 C:\Users\SFourT\Desktop\APIclubhouse\vendor\codeigniter4\framework\system\Database\BaseBuilder.php(1616): CodeIgniter\Database\BaseConnection->query('SELECT *\nFROM `...', Array, false)
#4 C:\Users\SFourT\Desktop\APIclubhouse\app\Controllers\Location.php(160): CodeIgniter\Database\BaseBuilder->get()
#5 C:\Users\SFourT\Desktop\APIclubhouse\vendor\codeigniter4\framework\system\CodeIgniter.php(934): App\Controllers\Location->delete('8')
#6 C:\Users\SFourT\Desktop\APIclubhouse\vendor\codeigniter4\framework\system\CodeIgniter.php(499): CodeIgniter\CodeIgniter->runController(Object(App\Controllers\Location))
#7 C:\Users\SFourT\Desktop\APIclubhouse\vendor\codeigniter4\framework\system\CodeIgniter.php(368): CodeIgniter\CodeIgniter->handleRequest(NULL, Object(Config\Cache), false)
#8 C:\Users\SFourT\Desktop\APIclubhouse\public\index.php(67): CodeIgniter\CodeIgniter->run()
#9 C:\Users\SFourT\Desktop\APIclubhouse\vendor\codeigniter4\framework\system\Commands\Server\rewrite.php(47): require_once('C:\\Users\\SFourT...')
#10 {main}
CRITICAL - 2023-06-09 22:20:20 --> Unknown column 'id' in 'where clause'
in SYSTEMPATH\Database\MySQLi\Connection.php on line 295.
 1 SYSTEMPATH\Database\MySQLi\Connection.php(295): mysqli->query('SELECT *
FROM `locations`
WHERE `id` = \'8\'', 0)
 2 SYSTEMPATH\Database\BaseConnection.php(692): CodeIgniter\Database\MySQLi\Connection->execute('SELECT *
FROM `locations`
WHERE `id` = \'8\'')
 3 SYSTEMPATH\Database\BaseConnection.php(606): CodeIgniter\Database\BaseConnection->simpleQuery('SELECT *
FROM `locations`
WHERE `id` = \'8\'')
 4 SYSTEMPATH\Database\BaseBuilder.php(1616): CodeIgniter\Database\BaseConnection->query('SELECT *
FROM `locations`
WHERE `id` = :id:', [...], false)
 5 APPPATH\Controllers\Location.php(160): CodeIgniter\Database\BaseBuilder->get()
 6 SYSTEMPATH\CodeIgniter.php(934): App\Controllers\Location->delete('8')
 7 SYSTEMPATH\CodeIgniter.php(499): CodeIgniter\CodeIgniter->runController(Object(App\Controllers\Location))
 8 SYSTEMPATH\CodeIgniter.php(368): CodeIgniter\CodeIgniter->handleRequest(null, Object(Config\Cache), false)
 9 FCPATH\index.php(67): CodeIgniter\CodeIgniter->run()
10 SYSTEMPATH\Commands\Server\rewrite.php(47): require_once('C:\\Users\\SFourT\\Desktop\\APIclubhouse\\public\\index.php')
ERROR - 2023-06-09 22:35:35 --> mysqli_sql_exception: Unknown column 'id' in 'where clause' in C:\Users\SFourT\Desktop\APIclubhouse\vendor\codeigniter4\framework\system\Database\MySQLi\Connection.php:295
Stack trace:
#0 C:\Users\SFourT\Desktop\APIclubhouse\vendor\codeigniter4\framework\system\Database\MySQLi\Connection.php(295): mysqli->query('SELECT *\nFROM `...', 0)
#1 C:\Users\SFourT\Desktop\APIclubhouse\vendor\codeigniter4\framework\system\Database\BaseConnection.php(692): CodeIgniter\Database\MySQLi\Connection->execute('SELECT *\nFROM `...')
#2 C:\Users\SFourT\Desktop\APIclubhouse\vendor\codeigniter4\framework\system\Database\BaseConnection.php(606): CodeIgniter\Database\BaseConnection->simpleQuery('SELECT *\nFROM `...')
#3 C:\Users\SFourT\Desktop\APIclubhouse\vendor\codeigniter4\framework\system\Database\BaseBuilder.php(1616): CodeIgniter\Database\BaseConnection->query('SELECT *\nFROM `...', Array, false)
#4 C:\Users\SFourT\Desktop\APIclubhouse\vendor\codeigniter4\framework\system\Model.php(203): CodeIgniter\Database\BaseBuilder->get()
#5 C:\Users\SFourT\Desktop\APIclubhouse\vendor\codeigniter4\framework\system\BaseModel.php(557): CodeIgniter\Model->doFind(false, NULL)
#6 C:\Users\SFourT\Desktop\APIclubhouse\app\Controllers\Readcheckin.php(50): CodeIgniter\BaseModel->find()
#7 C:\Users\SFourT\Desktop\APIclubhouse\vendor\codeigniter4\framework\system\CodeIgniter.php(934): App\Controllers\Readcheckin->delete('13')
#8 C:\Users\SFourT\Desktop\APIclubhouse\vendor\codeigniter4\framework\system\CodeIgniter.php(499): CodeIgniter\CodeIgniter->runController(Object(App\Controllers\Readcheckin))
#9 C:\Users\SFourT\Desktop\APIclubhouse\vendor\codeigniter4\framework\system\CodeIgniter.php(368): CodeIgniter\CodeIgniter->handleRequest(NULL, Object(Config\Cache), false)
#10 C:\Users\SFourT\Desktop\APIclubhouse\public\index.php(67): CodeIgniter\CodeIgniter->run()
#11 C:\Users\SFourT\Desktop\APIclubhouse\vendor\codeigniter4\framework\system\Commands\Server\rewrite.php(47): require_once('C:\\Users\\SFourT...')
#12 {main}
CRITICAL - 2023-06-09 22:35:35 --> Unknown column 'id' in 'where clause'
in SYSTEMPATH\Database\MySQLi\Connection.php on line 295.
 1 SYSTEMPATH\Database\MySQLi\Connection.php(295): mysqli->query('SELECT *
FROM `checkin`
WHERE `id` = \'13\'', 0)
 2 SYSTEMPATH\Database\BaseConnection.php(692): CodeIgniter\Database\MySQLi\Connection->execute('SELECT *
FROM `checkin`
WHERE `id` = \'13\'')
 3 SYSTEMPATH\Database\BaseConnection.php(606): CodeIgniter\Database\BaseConnection->simpleQuery('SELECT *
FROM `checkin`
WHERE `id` = \'13\'')
 4 SYSTEMPATH\Database\BaseBuilder.php(1616): CodeIgniter\Database\BaseConnection->query('SELECT *
FROM `checkin`
WHERE `id` = :id:', [...], false)
 5 SYSTEMPATH\Model.php(203): CodeIgniter\Database\BaseBuilder->get()
 6 SYSTEMPATH\BaseModel.php(557): CodeIgniter\Model->doFind(false, null)
 7 APPPATH\Controllers\Readcheckin.php(50): CodeIgniter\BaseModel->find()
 8 SYSTEMPATH\CodeIgniter.php(934): App\Controllers\Readcheckin->delete('13')
 9 SYSTEMPATH\CodeIgniter.php(499): CodeIgniter\CodeIgniter->runController(Object(App\Controllers\Readcheckin))
10 SYSTEMPATH\CodeIgniter.php(368): CodeIgniter\CodeIgniter->handleRequest(null, Object(Config\Cache), false)
11 FCPATH\index.php(67): CodeIgniter\CodeIgniter->run()
12 SYSTEMPATH\Commands\Server\rewrite.php(47): require_once('C:\\Users\\SFourT\\Desktop\\APIclubhouse\\public\\index.php')
ERROR - 2023-06-09 22:36:10 --> mysqli_sql_exception: Unknown column 'id' in 'where clause' in C:\Users\SFourT\Desktop\APIclubhouse\vendor\codeigniter4\framework\system\Database\MySQLi\Connection.php:295
Stack trace:
#0 C:\Users\SFourT\Desktop\APIclubhouse\vendor\codeigniter4\framework\system\Database\MySQLi\Connection.php(295): mysqli->query('DELETE FROM `ch...', 0)
#1 C:\Users\SFourT\Desktop\APIclubhouse\vendor\codeigniter4\framework\system\Database\BaseConnection.php(692): CodeIgniter\Database\MySQLi\Connection->execute('DELETE FROM `ch...')
#2 C:\Users\SFourT\Desktop\APIclubhouse\vendor\codeigniter4\framework\system\Database\BaseConnection.php(606): CodeIgniter\Database\BaseConnection->simpleQuery('DELETE FROM `ch...')
#3 C:\Users\SFourT\Desktop\APIclubhouse\vendor\codeigniter4\framework\system\Database\BaseBuilder.php(2791): CodeIgniter\Database\BaseConnection->query('DELETE FROM `ch...', Array, false)
#4 C:\Users\SFourT\Desktop\APIclubhouse\vendor\codeigniter4\framework\system\Model.php(456): CodeIgniter\Database\BaseBuilder->delete()
#5 C:\Users\SFourT\Desktop\APIclubhouse\vendor\codeigniter4\framework\system\BaseModel.php(1065): CodeIgniter\Model->doDelete(Array, false)
#6 C:\Users\SFourT\Desktop\APIclubhouse\app\Controllers\Readcheckin.php(53): CodeIgniter\BaseModel->delete(Array)
#7 C:\Users\SFourT\Desktop\APIclubhouse\vendor\codeigniter4\framework\system\CodeIgniter.php(934): App\Controllers\Readcheckin->delete('13')
#8 C:\Users\SFourT\Desktop\APIclubhouse\vendor\codeigniter4\framework\system\CodeIgniter.php(499): CodeIgniter\CodeIgniter->runController(Object(App\Controllers\Readcheckin))
#9 C:\Users\SFourT\Desktop\APIclubhouse\vendor\codeigniter4\framework\system\CodeIgniter.php(368): CodeIgniter\CodeIgniter->handleRequest(NULL, Object(Config\Cache), false)
#10 C:\Users\SFourT\Desktop\APIclubhouse\public\index.php(67): CodeIgniter\CodeIgniter->run()
#11 C:\Users\SFourT\Desktop\APIclubhouse\vendor\codeigniter4\framework\system\Commands\Server\rewrite.php(47): require_once('C:\\Users\\SFourT...')
#12 {main}
CRITICAL - 2023-06-09 22:36:10 --> Unknown column 'id' in 'where clause'
in SYSTEMPATH\Database\MySQLi\Connection.php on line 295.
 1 SYSTEMPATH\Database\MySQLi\Connection.php(295): mysqli->query('DELETE FROM `checkin`
WHERE `id` IN (\'13\')', 0)
 2 SYSTEMPATH\Database\BaseConnection.php(692): CodeIgniter\Database\MySQLi\Connection->execute('DELETE FROM `checkin`
WHERE `id` IN (\'13\')')
 3 SYSTEMPATH\Database\BaseConnection.php(606): CodeIgniter\Database\BaseConnection->simpleQuery('DELETE FROM `checkin`
WHERE `id` IN (\'13\')')
 4 SYSTEMPATH\Database\BaseBuilder.php(2791): CodeIgniter\Database\BaseConnection->query('DELETE FROM `checkin`
WHERE `id` IN :id:', [...], false)
 5 SYSTEMPATH\Model.php(456): CodeIgniter\Database\BaseBuilder->delete()
 6 SYSTEMPATH\BaseModel.php(1065): CodeIgniter\Model->doDelete([...], false)
 7 APPPATH\Controllers\Readcheckin.php(53): CodeIgniter\BaseModel->delete([...])
 8 SYSTEMPATH\CodeIgniter.php(934): App\Controllers\Readcheckin->delete('13')
 9 SYSTEMPATH\CodeIgniter.php(499): CodeIgniter\CodeIgniter->runController(Object(App\Controllers\Readcheckin))
10 SYSTEMPATH\CodeIgniter.php(368): CodeIgniter\CodeIgniter->handleRequest(null, Object(Config\Cache), false)
11 FCPATH\index.php(67): CodeIgniter\CodeIgniter->run()
12 SYSTEMPATH\Commands\Server\rewrite.php(47): require_once('C:\\Users\\SFourT\\Desktop\\APIclubhouse\\public\\index.php')
CRITICAL - 2023-06-09 23:15:20 --> Undefined index: nama
in APPPATH\Controllers\Auth.php on line 54.
 1 APPPATH\Controllers\Auth.php(54): CodeIgniter\Debug\Exceptions->errorHandler(8, 'Undefined index: nama', 'C:\\Users\\SFourT\\Desktop\\APIclubhouse\\app\\Controllers\\Auth.php', 54, [...])
 2 SYSTEMPATH\CodeIgniter.php(934): App\Controllers\Auth->update('3')
 3 SYSTEMPATH\CodeIgniter.php(499): CodeIgniter\CodeIgniter->runController(Object(App\Controllers\Auth))
 4 SYSTEMPATH\CodeIgniter.php(368): CodeIgniter\CodeIgniter->handleRequest(null, Object(Config\Cache), false)
 5 FCPATH\index.php(67): CodeIgniter\CodeIgniter->run()
 6 SYSTEMPATH\Commands\Server\rewrite.php(47): require_once('C:\\Users\\SFourT\\Desktop\\APIclubhouse\\public\\index.php')
CRITICAL - 2023-06-09 23:16:25 --> Undefined variable: nama
in APPPATH\Controllers\Auth.php on line 71.
 1 APPPATH\Controllers\Auth.php(71): CodeIgniter\Debug\Exceptions->errorHandler(8, 'Undefined variable: nama', 'C:\\Users\\SFourT\\Desktop\\APIclubhouse\\app\\Controllers\\Auth.php', 71, [...])
 2 SYSTEMPATH\CodeIgniter.php(934): App\Controllers\Auth->update('3')
 3 SYSTEMPATH\CodeIgniter.php(499): CodeIgniter\CodeIgniter->runController(Object(App\Controllers\Auth))
 4 SYSTEMPATH\CodeIgniter.php(368): CodeIgniter\CodeIgniter->handleRequest(null, Object(Config\Cache), false)
 5 FCPATH\index.php(67): CodeIgniter\CodeIgniter->run()
 6 SYSTEMPATH\Commands\Server\rewrite.php(47): require_once('C:\\Users\\SFourT\\Desktop\\APIclubhouse\\public\\index.php')
CRITICAL - 2023-06-09 23:17:41 --> Undefined index: nama
in APPPATH\Controllers\Auth.php on line 60.
 1 APPPATH\Controllers\Auth.php(60): CodeIgniter\Debug\Exceptions->errorHandler(8, 'Undefined index: nama', 'C:\\Users\\SFourT\\Desktop\\APIclubhouse\\app\\Controllers\\Auth.php', 60, [...])
 2 SYSTEMPATH\CodeIgniter.php(934): App\Controllers\Auth->update('3')
 3 SYSTEMPATH\CodeIgniter.php(499): CodeIgniter\CodeIgniter->runController(Object(App\Controllers\Auth))
 4 SYSTEMPATH\CodeIgniter.php(368): CodeIgniter\CodeIgniter->handleRequest(null, Object(Config\Cache), false)
 5 FCPATH\index.php(67): CodeIgniter\CodeIgniter->run()
 6 SYSTEMPATH\Commands\Server\rewrite.php(47): require_once('C:\\Users\\SFourT\\Desktop\\APIclubhouse\\public\\index.php')
CRITICAL - 2023-06-09 23:19:49 --> Undefined index: nama
in APPPATH\Controllers\Auth.php on line 60.
 1 APPPATH\Controllers\Auth.php(60): CodeIgniter\Debug\Exceptions->errorHandler(8, 'Undefined index: nama', 'C:\\Users\\SFourT\\Desktop\\APIclubhouse\\app\\Controllers\\Auth.php', 60, [...])
 2 SYSTEMPATH\CodeIgniter.php(934): App\Controllers\Auth->update('3')
 3 SYSTEMPATH\CodeIgniter.php(499): CodeIgniter\CodeIgniter->runController(Object(App\Controllers\Auth))
 4 SYSTEMPATH\CodeIgniter.php(368): CodeIgniter\CodeIgniter->handleRequest(null, Object(Config\Cache), false)
 5 FCPATH\index.php(67): CodeIgniter\CodeIgniter->run()
 6 SYSTEMPATH\Commands\Server\rewrite.php(47): require_once('C:\\Users\\SFourT\\Desktop\\APIclubhouse\\public\\index.php')
CRITICAL - 2023-06-09 23:19:54 --> Undefined index: nama
in APPPATH\Controllers\Auth.php on line 60.
 1 APPPATH\Controllers\Auth.php(60): CodeIgniter\Debug\Exceptions->errorHandler(8, 'Undefined index: nama', 'C:\\Users\\SFourT\\Desktop\\APIclubhouse\\app\\Controllers\\Auth.php', 60, [...])
 2 SYSTEMPATH\CodeIgniter.php(934): App\Controllers\Auth->update('3')
 3 SYSTEMPATH\CodeIgniter.php(499): CodeIgniter\CodeIgniter->runController(Object(App\Controllers\Auth))
 4 SYSTEMPATH\CodeIgniter.php(368): CodeIgniter\CodeIgniter->handleRequest(null, Object(Config\Cache), false)
 5 FCPATH\index.php(67): CodeIgniter\CodeIgniter->run()
 6 SYSTEMPATH\Commands\Server\rewrite.php(47): require_once('C:\\Users\\SFourT\\Desktop\\APIclubhouse\\public\\index.php')
CRITICAL - 2023-06-09 23:21:18 --> Undefined index: nama
in APPPATH\Controllers\Auth.php on line 60.
 1 APPPATH\Controllers\Auth.php(60): CodeIgniter\Debug\Exceptions->errorHandler(8, 'Undefined index: nama', 'C:\\Users\\SFourT\\Desktop\\APIclubhouse\\app\\Controllers\\Auth.php', 60, [...])
 2 SYSTEMPATH\CodeIgniter.php(934): App\Controllers\Auth->update('3')
 3 SYSTEMPATH\CodeIgniter.php(499): CodeIgniter\CodeIgniter->runController(Object(App\Controllers\Auth))
 4 SYSTEMPATH\CodeIgniter.php(368): CodeIgniter\CodeIgniter->handleRequest(null, Object(Config\Cache), false)
 5 FCPATH\index.php(67): CodeIgniter\CodeIgniter->run()
 6 SYSTEMPATH\Commands\Server\rewrite.php(47): require_once('C:\\Users\\SFourT\\Desktop\\APIclubhouse\\public\\index.php')
CRITICAL - 2023-06-09 23:21:29 --> Undefined index: Nama
in APPPATH\Controllers\Auth.php on line 60.
 1 APPPATH\Controllers\Auth.php(60): CodeIgniter\Debug\Exceptions->errorHandler(8, 'Undefined index: Nama', 'C:\\Users\\SFourT\\Desktop\\APIclubhouse\\app\\Controllers\\Auth.php', 60, [...])
 2 SYSTEMPATH\CodeIgniter.php(934): App\Controllers\Auth->update('3')
 3 SYSTEMPATH\CodeIgniter.php(499): CodeIgniter\CodeIgniter->runController(Object(App\Controllers\Auth))
 4 SYSTEMPATH\CodeIgniter.php(368): CodeIgniter\CodeIgniter->handleRequest(null, Object(Config\Cache), false)
 5 FCPATH\index.php(67): CodeIgniter\CodeIgniter->run()
 6 SYSTEMPATH\Commands\Server\rewrite.php(47): require_once('C:\\Users\\SFourT\\Desktop\\APIclubhouse\\public\\index.php')
CRITICAL - 2023-06-09 23:23:06 --> Undefined index: check_data
in APPPATH\Controllers\Auth.php on line 60.
 1 APPPATH\Controllers\Auth.php(60): CodeIgniter\Debug\Exceptions->errorHandler(8, 'Undefined index: check_data', 'C:\\Users\\SFourT\\Desktop\\APIclubhouse\\app\\Controllers\\Auth.php', 60, [...])
 2 SYSTEMPATH\CodeIgniter.php(934): App\Controllers\Auth->update('3')
 3 SYSTEMPATH\CodeIgniter.php(499): CodeIgniter\CodeIgniter->runController(Object(App\Controllers\Auth))
 4 SYSTEMPATH\CodeIgniter.php(368): CodeIgniter\CodeIgniter->handleRequest(null, Object(Config\Cache), false)
 5 FCPATH\index.php(67): CodeIgniter\CodeIgniter->run()
 6 SYSTEMPATH\Commands\Server\rewrite.php(47): require_once('C:\\Users\\SFourT\\Desktop\\APIclubhouse\\public\\index.php')
CRITICAL - 2023-06-09 23:23:56 --> Undefined index: check_data
in APPPATH\Controllers\Auth.php on line 60.
 1 APPPATH\Controllers\Auth.php(60): CodeIgniter\Debug\Exceptions->errorHandler(8, 'Undefined index: check_data', 'C:\\Users\\SFourT\\Desktop\\APIclubhouse\\app\\Controllers\\Auth.php', 60, [...])
 2 SYSTEMPATH\CodeIgniter.php(934): App\Controllers\Auth->update('3')
 3 SYSTEMPATH\CodeIgniter.php(499): CodeIgniter\CodeIgniter->runController(Object(App\Controllers\Auth))
 4 SYSTEMPATH\CodeIgniter.php(368): CodeIgniter\CodeIgniter->handleRequest(null, Object(Config\Cache), false)
 5 FCPATH\index.php(67): CodeIgniter\CodeIgniter->run()
 6 SYSTEMPATH\Commands\Server\rewrite.php(47): require_once('C:\\Users\\SFourT\\Desktop\\APIclubhouse\\public\\index.php')
ERROR - 2023-06-09 23:32:39 --> mysqli_sql_exception: Unknown column 'id' in 'where clause' in C:\Users\SFourT\Desktop\APIclubhouse\vendor\codeigniter4\framework\system\Database\MySQLi\Connection.php:295
Stack trace:
#0 C:\Users\SFourT\Desktop\APIclubhouse\vendor\codeigniter4\framework\system\Database\MySQLi\Connection.php(295): mysqli->query('DELETE FROM `ma...', 0)
#1 C:\Users\SFourT\Desktop\APIclubhouse\vendor\codeigniter4\framework\system\Database\BaseConnection.php(692): CodeIgniter\Database\MySQLi\Connection->execute('DELETE FROM `ma...')
#2 C:\Users\SFourT\Desktop\APIclubhouse\vendor\codeigniter4\framework\system\Database\BaseConnection.php(606): CodeIgniter\Database\BaseConnection->simpleQuery('DELETE FROM `ma...')
#3 C:\Users\SFourT\Desktop\APIclubhouse\vendor\codeigniter4\framework\system\Database\BaseBuilder.php(2791): CodeIgniter\Database\BaseConnection->query('DELETE FROM `ma...', Array, false)
#4 C:\Users\SFourT\Desktop\APIclubhouse\vendor\codeigniter4\framework\system\Model.php(456): CodeIgniter\Database\BaseBuilder->delete()
#5 C:\Users\SFourT\Desktop\APIclubhouse\vendor\codeigniter4\framework\system\BaseModel.php(1065): CodeIgniter\Model->doDelete(Array, false)
#6 C:\Users\SFourT\Desktop\APIclubhouse\app\Controllers\Masterrole.php(112): CodeIgniter\BaseModel->delete(Array)
#7 C:\Users\SFourT\Desktop\APIclubhouse\vendor\codeigniter4\framework\system\CodeIgniter.php(934): App\Controllers\masterrole->delete('17')
#8 C:\Users\SFourT\Desktop\APIclubhouse\vendor\codeigniter4\framework\system\CodeIgniter.php(499): CodeIgniter\CodeIgniter->runController(Object(App\Controllers\masterrole))
#9 C:\Users\SFourT\Desktop\APIclubhouse\vendor\codeigniter4\framework\system\CodeIgniter.php(368): CodeIgniter\CodeIgniter->handleRequest(NULL, Object(Config\Cache), false)
#10 C:\Users\SFourT\Desktop\APIclubhouse\public\index.php(67): CodeIgniter\CodeIgniter->run()
#11 C:\Users\SFourT\Desktop\APIclubhouse\vendor\codeigniter4\framework\system\Commands\Server\rewrite.php(47): require_once('C:\\Users\\SFourT...')
#12 {main}
CRITICAL - 2023-06-09 23:32:39 --> Unknown column 'id' in 'where clause'
in SYSTEMPATH\Database\MySQLi\Connection.php on line 295.
 1 SYSTEMPATH\Database\MySQLi\Connection.php(295): mysqli->query('DELETE FROM `master_access`
WHERE `id` IN (\'17\')', 0)
 2 SYSTEMPATH\Database\BaseConnection.php(692): CodeIgniter\Database\MySQLi\Connection->execute('DELETE FROM `master_access`
WHERE `id` IN (\'17\')')
 3 SYSTEMPATH\Database\BaseConnection.php(606): CodeIgniter\Database\BaseConnection->simpleQuery('DELETE FROM `master_access`
WHERE `id` IN (\'17\')')
 4 SYSTEMPATH\Database\BaseBuilder.php(2791): CodeIgniter\Database\BaseConnection->query('DELETE FROM `master_access`
WHERE `id` IN :id:', [...], false)
 5 SYSTEMPATH\Model.php(456): CodeIgniter\Database\BaseBuilder->delete()
 6 SYSTEMPATH\BaseModel.php(1065): CodeIgniter\Model->doDelete([...], false)
 7 APPPATH\Controllers\Masterrole.php(112): CodeIgniter\BaseModel->delete([...])
 8 SYSTEMPATH\CodeIgniter.php(934): App\Controllers\masterrole->delete('17')
 9 SYSTEMPATH\CodeIgniter.php(499): CodeIgniter\CodeIgniter->runController(Object(App\Controllers\masterrole))
10 SYSTEMPATH\CodeIgniter.php(368): CodeIgniter\CodeIgniter->handleRequest(null, Object(Config\Cache), false)
11 FCPATH\index.php(67): CodeIgniter\CodeIgniter->run()
12 SYSTEMPATH\Commands\Server\rewrite.php(47): require_once('C:\\Users\\SFourT\\Desktop\\APIclubhouse\\public\\index.php')
CRITICAL - 2023-06-09 23:56:13 --> Call to a member function where() on null
in APPPATH\Controllers\Checkin.php on line 40.
 1 SYSTEMPATH\CodeIgniter.php(934): App\Controllers\Checkin->update('13')
 2 SYSTEMPATH\CodeIgniter.php(499): CodeIgniter\CodeIgniter->runController(Object(App\Controllers\Checkin))
 3 SYSTEMPATH\CodeIgniter.php(368): CodeIgniter\CodeIgniter->handleRequest(null, Object(Config\Cache), false)
 4 FCPATH\index.php(67): CodeIgniter\CodeIgniter->run()
 5 SYSTEMPATH\Commands\Server\rewrite.php(47): require_once('C:\\Users\\SFourT\\Desktop\\APIclubhouse\\public\\index.php')
CRITICAL - 2023-06-09 23:58:09 --> Call to a member function where() on null
in APPPATH\Controllers\Checkin.php on line 40.
 1 SYSTEMPATH\CodeIgniter.php(934): App\Controllers\Checkin->update('13')
 2 SYSTEMPATH\CodeIgniter.php(499): CodeIgniter\CodeIgniter->runController(Object(App\Controllers\Checkin))
 3 SYSTEMPATH\CodeIgniter.php(368): CodeIgniter\CodeIgniter->handleRequest(null, Object(Config\Cache), false)
 4 FCPATH\index.php(67): CodeIgniter\CodeIgniter->run()
 5 SYSTEMPATH\Commands\Server\rewrite.php(47): require_once('C:\\Users\\SFourT\\Desktop\\APIclubhouse\\public\\index.php')
CRITICAL - 2023-06-09 23:59:39 --> Call to a member function where() on null
in APPPATH\Controllers\Checkin.php on line 41.
 1 SYSTEMPATH\CodeIgniter.php(934): App\Controllers\Checkin->update('12')
 2 SYSTEMPATH\CodeIgniter.php(499): CodeIgniter\CodeIgniter->runController(Object(App\Controllers\Checkin))
 3 SYSTEMPATH\CodeIgniter.php(368): CodeIgniter\CodeIgniter->handleRequest(null, Object(Config\Cache), false)
 4 FCPATH\index.php(67): CodeIgniter\CodeIgniter->run()
 5 SYSTEMPATH\Commands\Server\rewrite.php(47): require_once('C:\\Users\\SFourT\\Desktop\\APIclubhouse\\public\\index.php')
